#
# A fatal error has been detected by the Java Runtime Environment:
#
#  SIGSEGV (0xb) at pc=0x00007f7478931b0b, pid=30328, tid=0x00007f7451a08700
#
# JRE version: OpenJDK Runtime Environment (8.0_112-b06) (build 1.8.0_112-release-b06)
# Java VM: OpenJDK 64-Bit Server VM (25.112-b06 mixed mode linux-amd64 compressed oops)
# Problematic frame:
# V  [libjvm.so+0x588b0b]  Node_Backward_Iterator::next()+0xdb
#
# Failed to write core dump. Core dumps have been disabled. To enable core dumping, try "ulimit -c unlimited" before starting Java again
#
# If you would like to submit a bug report, please visit:
#   http://bugreport.java.com/bugreport/crash.jsp
#

---------------  T H R E A D  ---------------

Current thread (0x00007f74740bb800):  JavaThread "C2 CompilerThread1" daemon [_thread_in_native, id=30341, stack(0x00007f7451908000,0x00007f7451a09000)]

siginfo: si_signo: 11 (SIGSEGV), si_code: 1 (SEGV_MAPERR), si_addr: 0x0000777430ce1520

Registers:
RAX=0x00007f7451a04a10, RBX=0x00007f743c5322a0, RCX=0x0000000000000016, RDX=0x0000000000001536
RSP=0x00007f7451a048f0, RBP=0x00007f7451a04930, RSI=0x0000000000000016, RDI=0x0000000000400000
R8 =0x0000000000000000, R9 =0x0000000000000000, R10=0x00007f74303a98f0, R11=0x00007f7451a06f90
R12=0x0000777430ce14f8, R13=0x00007f743c5322b0, R14=0x00000000000000b5, R15=0x00007f7451a04960
RIP=0x00007f7478931b0b, EFLAGS=0x0000000000010246, CSGSFS=0x0000000000000033, ERR=0x0000000000000004
  TRAPNO=0x000000000000000e

Top of Stack: (sp=0x00007f7451a048f0)
0x00007f7451a048f0:   00007f74312579f0 00007f7430ce1540
0x00007f7451a04900:   00007f7451a04920 00007f74344ea740
0x00007f7451a04910:   00007f7430ce18c0 0000000000000000
0x00007f7451a04920:   00007f743d338c90 00007f7451a04af0
0x00007f7451a04930:   00007f7451a049b0 00007f74789350a9
0x00007f7451a04940:   0000000000000008 00007f7451a04b48
0x00007f7451a04950:   00007f743d338be0 00007f7451a04960
0x00007f7451a04960:   00007f7451a04a10 00007f7451a04a30
0x00007f7451a04970:   00007f7451a04af0 00007f747401be00
0x00007f7451a04980:   00007f7451a049b0 00007f7451a04a30
0x00007f7451a04990:   00007f7451a04a10 00007f747401be00
0x00007f7451a049a0:   00007f7434744050 00007f7451a04af0
0x00007f7451a049b0:   00007f7451a04aa0 00007f7478935a07
0x00007f7451a049c0:   00007f7451a04a30 00007f7451a04a10
0x00007f7451a049d0:   00007f7451a04af0 00007f747401be00
0x00007f7451a049e0:   0000000000248090 00007f743c1a4f58
0x00007f7451a049f0:   00007f743c19df40 00007f743c19cf70
0x00007f7451a04a00:   00007f7451a04a50 00007f747401be00
0x00007f7451a04a10:   00007f7479236f70 00007f747401be00
0x00007f7451a04a20:   0000000000000200 00007f7434744090
0x00007f7451a04a30:   00007f747401be00 00007f7400002000
0x00007f7451a04a40:   00007f7430d14b20 00007f7400000189
0x00007f7451a04a50:   0000374800000000 0000000000000000
0x00007f7451a04a60:   00007f7400000007 00007f7430073740
0x00007f7451a04a70:   00007f7451a04ad0 00007f7451a04af0
0x00007f7451a04a80:   00007f7451a04cb0 00007f7451a06420
0x00007f7451a04a90:   00007f7451a04af0 00007f7451a06f90
0x00007f7451a04aa0:   00007f7451a04ad0 00007f7478935f2d
0x00007f7451a04ab0:   00007f7451a04cb0 0000000051a06420
0x00007f7451a04ac0:   00007f7451a04af0 00007f7451a05650
0x00007f7451a04ad0:   00007f7451a06310 00007f747880edc9
0x00007f7451a04ae0:   0000000000000000 0000000000000000 

Instructions: (pc=0x00007f7478931b0b)
0x00007f7478931aeb:   be 01 00 00 00 48 d3 e6 85 34 b8 74 22 48 83 c3
0x00007f7478931afb:   08 4c 39 eb 0f 83 eb 00 00 00 4c 8b 23 49 8b 07
0x00007f7478931b0b:   41 8b 54 24 28 89 d1 c1 e9 05 39 48 10 77 c6 41
0x00007f7478931b1b:   0f b7 44 24 2c 4c 89 e1 83 e0 0f 66 83 f8 08 0f 

Register to memory mapping:

RAX=0x00007f7451a04a10 is pointing into the stack for thread: 0x00007f74740bb800
RBX=0x00007f743c5322a0 is an unknown value
RCX=0x0000000000000016 is an unknown value
RDX=0x0000000000001536 is an unknown value
RSP=0x00007f7451a048f0 is pointing into the stack for thread: 0x00007f74740bb800
RBP=0x00007f7451a04930 is pointing into the stack for thread: 0x00007f74740bb800
RSI=0x0000000000000016 is an unknown value
RDI=0x0000000000400000: <offset 0> in /home/eplat/android-studio/jre/bin/java at 0x0000000000400000
R8 =0x0000000000000000 is an unknown value
R9 =0x0000000000000000 is an unknown value
R10=0x00007f74303a98f0 is an unknown value
R11=0x00007f7451a06f90 is pointing into the stack for thread: 0x00007f74740bb800
R12=0x0000777430ce14f8 is an unknown value
R13=0x00007f743c5322b0 is an unknown value
R14=0x00000000000000b5 is an unknown value
R15=0x00007f7451a04960 is pointing into the stack for thread: 0x00007f74740bb800


Stack: [0x00007f7451908000,0x00007f7451a09000],  sp=0x00007f7451a048f0,  free space=1010k
Native frames: (J=compiled Java code, j=interpreted, Vv=VM code, C=native code)
V  [libjvm.so+0x588b0b]  Node_Backward_Iterator::next()+0xdb
V  [libjvm.so+0x58c0a9]  PhaseCFG::schedule_late(VectorSet&, Node_List&)+0x89
V  [libjvm.so+0x58ca07]  PhaseCFG::global_code_motion()+0x547
V  [libjvm.so+0x58cf2d]  PhaseCFG::do_global_code_motion()+0x4d
V  [libjvm.so+0x465dc9]  Compile::Code_Gen()+0x1e9
V  [libjvm.so+0x46712e]  Compile::Compile(ciEnv*, C2Compiler*, ciMethod*, int, bool, bool, bool)+0x113e
V  [libjvm.so+0x3c4aa8]  C2Compiler::compile_method(ciEnv*, ciMethod*, int)+0x1c8
V  [libjvm.so+0x46f7c2]  CompileBroker::invoke_compiler_on_method(CompileTask*)+0x8b2
V  [libjvm.so+0x470678]  CompileBroker::compiler_thread_loop()+0x4e8
V  [libjvm.so+0x990df8]  JavaThread::thread_main_inner()+0xd8
V  [libjvm.so+0x849c82]  java_start(Thread*)+0xf2
C  [libpthread.so.0+0x8184]  start_thread+0xc4


Current CompileTask:
C2:  10500 3995       4       sun.reflect.generics.parser.SignatureParser::parseFieldTypeSignature (73 bytes)


---------------  P R O C E S S  ---------------

Java Threads: ( => current thread )
  0x00007f7411221800 JavaThread "File lock request listener" [_thread_in_native, id=30357, stack(0x00007f74266f9000,0x00007f74267fa000)]
  0x00007f7411151800 JavaThread "process reaper" daemon [_thread_blocked, id=30356, stack(0x00007f745001d000,0x00007f7450056000)]
  0x00007f7410007800 JavaThread "Stdin handler" [_thread_blocked, id=30353, stack(0x00007f74275fa000,0x00007f74276fb000)]
  0x00007f7410006000 JavaThread "Asynchronous log dispatcher for DefaultDaemonConnection: socket connection from /127.0.0.1:33005 to /127.0.0.1:43744" [_thread_blocked, id=30351, stack(0x00007f74276fb000,0x00007f74277fc000)]
  0x00007f741c008000 JavaThread "Daemon worker" [_thread_in_vm, id=30350, stack(0x00007f74277fc000,0x00007f74278fd000)]
  0x00007f741c005000 JavaThread "Cancel handler" [_thread_blocked, id=30349, stack(0x00007f74278fd000,0x00007f74279fe000)]
  0x00007f7474d80000 JavaThread "pool-1-thread-1" [_thread_blocked, id=30348, stack(0x00007f74279fe000,0x00007f7427aff000)]
  0x00007f741c006800 JavaThread "Handler for socket connection from /127.0.0.1:33005 to /127.0.0.1:43744" [_thread_in_native, id=30347, stack(0x00007f7427cff000,0x00007f7427e00000)]
  0x00007f7420014000 JavaThread "Daemon" [_thread_blocked, id=30346, stack(0x00007f74500d0000,0x00007f74501d1000)]
  0x00007f7474d1d800 JavaThread "Incoming local TCP Connector on port 33005" [_thread_in_native, id=30345, stack(0x00007f74501d8000,0x00007f74502d9000)]
  0x00007f74740c0800 JavaThread "Service Thread" daemon [_thread_blocked, id=30343, stack(0x00007f7451706000,0x00007f7451807000)]
  0x00007f74740bd000 JavaThread "C1 CompilerThread2" daemon [_thread_blocked, id=30342, stack(0x00007f7451807000,0x00007f7451908000)]
=>0x00007f74740bb800 JavaThread "C2 CompilerThread1" daemon [_thread_in_native, id=30341, stack(0x00007f7451908000,0x00007f7451a09000)]
  0x00007f74740b8800 JavaThread "C2 CompilerThread0" daemon [_thread_in_native, id=30340, stack(0x00007f7451a09000,0x00007f7451b0a000)]
  0x00007f74740b7000 JavaThread "Signal Dispatcher" daemon [_thread_blocked, id=30339, stack(0x00007f7451b0a000,0x00007f7451c0b000)]
  0x00007f7474083800 JavaThread "Finalizer" daemon [_thread_blocked, id=30338, stack(0x00007f74522ee000,0x00007f74523ef000)]
  0x00007f747407f000 JavaThread "Reference Handler" daemon [_thread_blocked, id=30337, stack(0x00007f74523ef000,0x00007f74524f0000)]
  0x00007f747400a000 JavaThread "main" [_thread_blocked, id=30329, stack(0x00007f7479da2000,0x00007f7479ea3000)]

Other Threads:
  0x00007f7474077800 VMThread [stack: 0x00007f74524f0000,0x00007f74525f1000] [id=30336]
  0x00007f74740c3000 WatcherThread [stack: 0x00007f7451605000,0x00007f7451706000] [id=30344]

VM state:not at safepoint (normal execution)

VM Mutex/Monitor currently owned by a thread: None

Heap:
 PSYoungGen      total 133632K, used 108536K [0x00000000e0000000, 0x00000000ea780000, 0x0000000100000000)
  eden space 123392K, 87% used [0x00000000e0000000,0x00000000e69fe2e0,0x00000000e7880000)
  from space 10240K, 0% used [0x00000000e8400000,0x00000000e8400000,0x00000000e8e00000)
  to   space 11776K, 0% used [0x00000000e7880000,0x00000000e7880000,0x00000000e8400000)
 ParOldGen       total 69120K, used 15759K [0x00000000a0000000, 0x00000000a4380000, 0x00000000e0000000)
  object space 69120K, 22% used [0x00000000a0000000,0x00000000a0f63dc0,0x00000000a4380000)
 Metaspace       used 42864K, capacity 43686K, committed 43904K, reserved 1087488K
  class space    used 5724K, capacity 5932K, committed 6016K, reserved 1048576K

Card table byte_map: [0x00007f746389f000,0x00007f7463ba0000] byte_map_base: 0x00007f746339f000

Marking Bits: (ParMarkBitMap*) 0x00007f7479277340
 Begin Bits: [0x00007f746029b000, 0x00007f7461a9b000)
 End Bits:   [0x00007f7461a9b000, 0x00007f746329b000)

Polling page: 0x00007f7479ec7000

CodeCache: size=245760Kb used=14507Kb max_used=14507Kb free=231252Kb
 bounds [0x00007f7463f60000, 0x00007f7464da0000, 0x00007f7472f60000]
 total_blobs=4549 nmethods=3825 adapters=637
 compilation: enabled

Compilation events (10 events):
Event: 10,452 Thread 0x00007f74740bd000 nmethod 4101 0x00007f7464d7d450 code [0x00007f7464d7d5c0, 0x00007f7464d7d7e8]
Event: 10,456 Thread 0x00007f74740bd000 4102       3       java.util.concurrent.locks.ReentrantReadWriteLock$ReadLock::lock (9 bytes)
Event: 10,457 Thread 0x00007f74740bd000 nmethod 4102 0x00007f7464d7ce50 code [0x00007f7464d7cfe0, 0x00007f7464d7d338]
Event: 10,457 Thread 0x00007f74740bd000 4103       3       java.util.concurrent.locks.ReentrantReadWriteLock$Sync::sharedCount (5 bytes)
Event: 10,457 Thread 0x00007f74740bd000 nmethod 4103 0x00007f7464d7f7d0 code [0x00007f7464d7f920, 0x00007f7464d7fa50]
Event: 10,457 Thread 0x00007f74740bd000 4104       3       java.util.concurrent.locks.ReentrantReadWriteLock$ReadLock::unlock (10 bytes)
Event: 10,457 Thread 0x00007f74740bd000 nmethod 4104 0x00007f7464d7f190 code [0x00007f7464d7f320, 0x00007f7464d7f698]
Event: 10,458 Thread 0x00007f74740bd000 4105       1       java.util.logging.Logger::getParent (5 bytes)
Event: 10,458 Thread 0x00007f74740bd000 nmethod 4105 0x00007f7464d7eed0 code [0x00007f7464d7f020, 0x00007f7464d7f130]
Event: 10,458 Thread 0x00007f74740bd000 4106       3       sun.net.www.protocol.jar.JarURLConnection::getUseCaches (8 bytes)

GC Heap History (10 events):
Event: 3,120 GC heap before
{Heap before GC invocations=6 (full 1):
 PSYoungGen      total 51712K, used 3560K [0x00000000e0000000, 0x00000000e7100000, 0x0000000100000000)
  eden space 48128K, 0% used [0x00000000e0000000,0x00000000e0000000,0x00000000e2f00000)
  from space 3584K, 99% used [0x00000000e2f00000,0x00000000e327a0c0,0x00000000e3280000)
  to   space 9728K, 0% used [0x00000000e6780000,0x00000000e6780000,0x00000000e7100000)
 ParOldGen       total 62976K, used 10556K [0x00000000a0000000, 0x00000000a3d80000, 0x00000000e0000000)
  object space 62976K, 16% used [0x00000000a0000000,0x00000000a0a4f090,0x00000000a3d80000)
 Metaspace       used 20794K, capacity 21126K, committed 21296K, reserved 1067008K
  class space    used 2761K, capacity 2871K, committed 2944K, reserved 1048576K
Event: 3,159 GC heap after
Heap after GC invocations=6 (full 1):
 PSYoungGen      total 51712K, used 0K [0x00000000e0000000, 0x00000000e7100000, 0x0000000100000000)
  eden space 48128K, 0% used [0x00000000e0000000,0x00000000e0000000,0x00000000e2f00000)
  from space 3584K, 0% used [0x00000000e2f00000,0x00000000e2f00000,0x00000000e3280000)
  to   space 9728K, 0% used [0x00000000e6780000,0x00000000e6780000,0x00000000e7100000)
 ParOldGen       total 48128K, used 9108K [0x00000000a0000000, 0x00000000a2f00000, 0x00000000e0000000)
  object space 48128K, 18% used [0x00000000a0000000,0x00000000a08e5148,0x00000000a2f00000)
 Metaspace       used 20768K, capacity 21038K, committed 21296K, reserved 1067008K
  class space    used 2753K, capacity 2863K, committed 2944K, reserved 1048576K
}
Event: 4,264 GC heap before
{Heap before GC invocations=7 (full 1):
 PSYoungGen      total 51712K, used 48128K [0x00000000e0000000, 0x00000000e7100000, 0x0000000100000000)
  eden space 48128K, 100% used [0x00000000e0000000,0x00000000e2f00000,0x00000000e2f00000)
  from space 3584K, 0% used [0x00000000e2f00000,0x00000000e2f00000,0x00000000e3280000)
  to   space 9728K, 0% used [0x00000000e6780000,0x00000000e6780000,0x00000000e7100000)
 ParOldGen       total 48128K, used 9108K [0x00000000a0000000, 0x00000000a2f00000, 0x00000000e0000000)
  object space 48128K, 18% used [0x00000000a0000000,0x00000000a08e5148,0x00000000a2f00000)
 Metaspace       used 26445K, capacity 26884K, committed 27264K, reserved 1073152K
  class space    used 3504K, capacity 3627K, committed 3712K, reserved 1048576K
Event: 4,277 GC heap after
Heap after GC invocations=7 (full 1):
 PSYoungGen      total 84992K, used 6872K [0x00000000e0000000, 0x00000000e6e80000, 0x0000000100000000)
  eden space 77824K, 0% used [0x00000000e0000000,0x00000000e0000000,0x00000000e4c00000)
  from space 7168K, 95% used [0x00000000e6780000,0x00000000e6e36228,0x00000000e6e80000)
  to   space 9728K, 0% used [0x00000000e5b80000,0x00000000e5b80000,0x00000000e6500000)
 ParOldGen       total 48128K, used 9116K [0x00000000a0000000, 0x00000000a2f00000, 0x00000000e0000000)
  object space 48128K, 18% used [0x00000000a0000000,0x00000000a08e7148,0x00000000a2f00000)
 Metaspace       used 26445K, capacity 26884K, committed 27264K, reserved 1073152K
  class space    used 3504K, capacity 3627K, committed 3712K, reserved 1048576K
}
Event: 6,499 GC heap before
{Heap before GC invocations=8 (full 1):
 PSYoungGen      total 84992K, used 84696K [0x00000000e0000000, 0x00000000e6e80000, 0x0000000100000000)
  eden space 77824K, 100% used [0x00000000e0000000,0x00000000e4c00000,0x00000000e4c00000)
  from space 7168K, 95% used [0x00000000e6780000,0x00000000e6e36228,0x00000000e6e80000)
  to   space 9728K, 0% used [0x00000000e5b80000,0x00000000e5b80000,0x00000000e6500000)
 ParOldGen       total 48128K, used 9116K [0x00000000a0000000, 0x00000000a2f00000, 0x00000000e0000000)
  object space 48128K, 18% used [0x00000000a0000000,0x00000000a08e7148,0x00000000a2f00000)
 Metaspace       used 31081K, capacity 31476K, committed 31744K, reserved 1077248K
  class space    used 4156K, capacity 4281K, committed 4352K, reserved 1048576K
Event: 6,532 GC heap after
Heap after GC invocations=8 (full 1):
 PSYoungGen      total 103424K, used 8386K [0x00000000e0000000, 0x00000000e8e00000, 0x0000000100000000)
  eden space 93696K, 0% used [0x00000000e0000000,0x00000000e0000000,0x00000000e5b80000)
  from space 9728K, 86% used [0x00000000e5b80000,0x00000000e63b0aa0,0x00000000e6500000)
  to   space 10240K, 0% used [0x00000000e8400000,0x00000000e8400000,0x00000000e8e00000)
 ParOldGen       total 48128K, used 9124K [0x00000000a0000000, 0x00000000a2f00000, 0x00000000e0000000)
  object space 48128K, 18% used [0x00000000a0000000,0x00000000a08e9148,0x00000000a2f00000)
 Metaspace       used 31081K, capacity 31476K, committed 31744K, reserved 1077248K
  class space    used 4156K, capacity 4281K, committed 4352K, reserved 1048576K
}
Event: 8,492 GC heap before
{Heap before GC invocations=9 (full 1):
 PSYoungGen      total 103424K, used 48795K [0x00000000e0000000, 0x00000000e8e00000, 0x0000000100000000)
  eden space 93696K, 43% used [0x00000000e0000000,0x00000000e2776540,0x00000000e5b80000)
  from space 9728K, 86% used [0x00000000e5b80000,0x00000000e63b0aa0,0x00000000e6500000)
  to   space 10240K, 0% used [0x00000000e8400000,0x00000000e8400000,0x00000000e8e00000)
 ParOldGen       total 48128K, used 9124K [0x00000000a0000000, 0x00000000a2f00000, 0x00000000e0000000)
  object space 48128K, 18% used [0x00000000a0000000,0x00000000a08e9148,0x00000000a2f00000)
 Metaspace       used 34882K, capacity 35386K, committed 35496K, reserved 1079296K
  class space    used 4615K, capacity 4799K, committed 4864K, reserved 1048576K
Event: 8,515 GC heap after
Heap after GC invocations=9 (full 1):
 PSYoungGen      total 133632K, used 9908K [0x00000000e0000000, 0x00000000ea780000, 0x0000000100000000)
  eden space 123392K, 0% used [0x00000000e0000000,0x00000000e0000000,0x00000000e7880000)
  from space 10240K, 96% used [0x00000000e8400000,0x00000000e8dad0c8,0x00000000e8e00000)
  to   space 11776K, 0% used [0x00000000e7880000,0x00000000e7880000,0x00000000e8400000)
 ParOldGen       total 48128K, used 9196K [0x00000000a0000000, 0x00000000a2f00000, 0x00000000e0000000)
  object space 48128K, 19% used [0x00000000a0000000,0x00000000a08fb158,0x00000000a2f00000)
 Metaspace       used 34882K, capacity 35386K, committed 35496K, reserved 1079296K
  class space    used 4615K, capacity 4799K, committed 4864K, reserved 1048576K
}
Event: 8,515 GC heap before
{Heap before GC invocations=10 (full 2):
 PSYoungGen      total 133632K, used 9908K [0x00000000e0000000, 0x00000000ea780000, 0x0000000100000000)
  eden space 123392K, 0% used [0x00000000e0000000,0x00000000e0000000,0x00000000e7880000)
  from space 10240K, 96% used [0x00000000e8400000,0x00000000e8dad0c8,0x00000000e8e00000)
  to   space 11776K, 0% used [0x00000000e7880000,0x00000000e7880000,0x00000000e8400000)
 ParOldGen       total 48128K, used 9196K [0x00000000a0000000, 0x00000000a2f00000, 0x00000000e0000000)
  object space 48128K, 19% used [0x00000000a0000000,0x00000000a08fb158,0x00000000a2f00000)
 Metaspace       used 34882K, capacity 35386K, committed 35496K, reserved 1079296K
  class space    used 4615K, capacity 4799K, committed 4864K, reserved 1048576K
Event: 8,595 GC heap after
Heap after GC invocations=10 (full 2):
 PSYoungGen      total 133632K, used 0K [0x00000000e0000000, 0x00000000ea780000, 0x0000000100000000)
  eden space 123392K, 0% used [0x00000000e0000000,0x00000000e0000000,0x00000000e7880000)
  from space 10240K, 0% used [0x00000000e8400000,0x00000000e8400000,0x00000000e8e00000)
  to   space 11776K, 0% used [0x00000000e7880000,0x00000000e7880000,0x00000000e8400000)
 ParOldGen       total 69120K, used 15759K [0x00000000a0000000, 0x00000000a4380000, 0x00000000e0000000)
  object space 69120K, 22% used [0x00000000a0000000,0x00000000a0f63dc0,0x00000000a4380000)
 Metaspace       used 34882K, capacity 35386K, committed 35496K, reserved 1079296K
  class space    used 4615K, capacity 4799K, committed 4864K, reserved 1048576K
}

Deoptimization events (10 events):
Event: 10,265 Thread 0x00007f741c008000 Uncommon trap: reason=class_check action=maybe_recompile pc=0x00007f7464a9fa90 method=java.util.AbstractList$Itr.hasNext()Z @ 8
Event: 10,273 Thread 0x00007f741c008000 Uncommon trap: reason=class_check action=maybe_recompile pc=0x00007f7464a9fa90 method=java.util.AbstractList$Itr.hasNext()Z @ 8
Event: 10,273 Thread 0x00007f741c008000 Uncommon trap: reason=class_check action=maybe_recompile pc=0x00007f7464b72388 method=java.util.AbstractList$Itr.next()Ljava/lang/Object; @ 14
Event: 10,273 Thread 0x00007f741c008000 Uncommon trap: reason=class_check action=maybe_recompile pc=0x00007f7464a9fa90 method=java.util.AbstractList$Itr.hasNext()Z @ 8
Event: 10,273 Thread 0x00007f741c008000 Uncommon trap: reason=class_check action=maybe_recompile pc=0x00007f7464b72388 method=java.util.AbstractList$Itr.next()Ljava/lang/Object; @ 14
Event: 10,277 Thread 0x00007f741c008000 Uncommon trap: reason=class_check action=maybe_recompile pc=0x00007f7464b72388 method=java.util.AbstractList$Itr.next()Ljava/lang/Object; @ 14
Event: 10,406 Thread 0x00007f741c008000 Uncommon trap: reason=class_check action=maybe_recompile pc=0x00007f74644925b0 method=java.io.DataInputStream.readUnsignedShort()I @ 4
Event: 10,407 Thread 0x00007f741c008000 Uncommon trap: reason=class_check action=maybe_recompile pc=0x00007f74644925b0 method=java.io.DataInputStream.readUnsignedShort()I @ 4
Event: 10,409 Thread 0x00007f741c008000 Uncommon trap: reason=class_check action=maybe_recompile pc=0x00007f74644925b0 method=java.io.DataInputStream.readUnsignedShort()I @ 4
Event: 10,409 Thread 0x00007f741c008000 Uncommon trap: reason=class_check action=maybe_recompile pc=0x00007f74644925b0 method=java.io.DataInputStream.readUnsignedShort()I @ 4

Internal exceptions (10 events):
Event: 10,215 Thread 0x00007f741c008000 Exception <a 'sun/nio/fs/UnixException'> (0x00000000e6432b90) thrown at [/ssd/Android/AOSP-openjdk/external/jetbrains/jdk/hotspot/src/share/vm/prims/jni.cpp, line 709]
Event: 10,215 Thread 0x00007f741c008000 Exception <a 'sun/nio/fs/UnixException'> (0x00000000e6434380) thrown at [/ssd/Android/AOSP-openjdk/external/jetbrains/jdk/hotspot/src/share/vm/prims/jni.cpp, line 709]
Event: 10,215 Thread 0x00007f741c008000 Exception <a 'sun/nio/fs/UnixException'> (0x00000000e6437248) thrown at [/ssd/Android/AOSP-openjdk/external/jetbrains/jdk/hotspot/src/share/vm/prims/jni.cpp, line 709]
Event: 10,215 Thread 0x00007f741c008000 Exception <a 'sun/nio/fs/UnixException'> (0x00000000e6438aa8) thrown at [/ssd/Android/AOSP-openjdk/external/jetbrains/jdk/hotspot/src/share/vm/prims/jni.cpp, line 709]
Event: 10,216 Thread 0x00007f741c008000 Exception <a 'sun/nio/fs/UnixException'> (0x00000000e643bb50) thrown at [/ssd/Android/AOSP-openjdk/external/jetbrains/jdk/hotspot/src/share/vm/prims/jni.cpp, line 709]
Event: 10,216 Thread 0x00007f741c008000 Exception <a 'sun/nio/fs/UnixException'> (0x00000000e643cf90) thrown at [/ssd/Android/AOSP-openjdk/external/jetbrains/jdk/hotspot/src/share/vm/prims/jni.cpp, line 709]
Event: 10,218 Thread 0x00007f741c008000 Exception <a 'sun/nio/fs/UnixException'> (0x00000000e643fbf0) thrown at [/ssd/Android/AOSP-openjdk/external/jetbrains/jdk/hotspot/src/share/vm/prims/jni.cpp, line 709]
Event: 10,219 Thread 0x00007f741c008000 Exception <a 'sun/nio/fs/UnixException'> (0x00000000e6441040) thrown at [/ssd/Android/AOSP-openjdk/external/jetbrains/jdk/hotspot/src/share/vm/prims/jni.cpp, line 709]
Event: 10,225 Thread 0x00007f741c008000 Exception <a 'java/lang/ClassNotFoundException': com/sun/org/glassfish/hk2/osgiresourcelocator/ServiceLoader> (0x00000000e6495538) thrown at [/ssd/Android/AOSP-openjdk/external/jetbrains/jdk/hotspot/src/share/vm/classfile/systemDictionary.cpp, line 210]
Event: 10,232 Thread 0x00007f741c008000 Exception <a 'java/lang/NullPointerException'> (0x00000000e64ca8d0) thrown at [/ssd/Android/AOSP-openjdk/external/jetbrains/jdk/hotspot/src/share/vm/interpreter/linkResolver.cpp, line 1280]

Events (10 events):
Event: 10,421 loading class com/sun/xml/internal/bind/v2/ClassFactory
Event: 10,421 loading class com/sun/xml/internal/bind/v2/ClassFactory done
Event: 10,421 loading class com/sun/xml/internal/bind/v2/ClassFactory$1
Event: 10,421 loading class com/sun/xml/internal/bind/v2/ClassFactory$1 done
Event: 10,423 loading class com/sun/xml/internal/bind/v2/runtime/property/ValueProperty
Event: 10,423 loading class com/sun/xml/internal/bind/v2/runtime/property/ValueProperty done
Event: 10,423 loading class com/sun/xml/internal/bind/v2/runtime/property/TagAndType
Event: 10,423 loading class com/sun/xml/internal/bind/v2/runtime/property/TagAndType done
Event: 10,439 loading class com/sun/xml/internal/bind/v2/runtime/reflect/TransducedAccessor$IDREFTransducedAccessorImpl
Event: 10,439 loading class com/sun/xml/internal/bind/v2/runtime/reflect/TransducedAccessor$IDREFTransducedAccessorImpl done


Dynamic libraries:
00400000-00401000 r-xp 00000000 08:09 665613                             /home/eplat/android-studio/jre/bin/java
00600000-00601000 r--p 00000000 08:09 665613                             /home/eplat/android-studio/jre/bin/java
00601000-00602000 rw-p 00001000 08:09 665613                             /home/eplat/android-studio/jre/bin/java
008a8000-008c9000 rw-p 00000000 00:00 0                                  [heap]
a0000000-a4380000 rw-p 00000000 00:00 0 
a4380000-e0000000 ---p 00000000 00:00 0 
e0000000-ea780000 rw-p 00000000 00:00 0 
ea780000-100000000 ---p 00000000 00:00 0 
100000000-1005e0000 rw-p 00000000 00:00 0 
1005e0000-140000000 ---p 00000000 00:00 0 
7f73fc000000-7f73fc021000 rw-p 00000000 00:00 0 
7f73fc021000-7f7400000000 ---p 00000000 00:00 0 
7f7400000000-7f7400021000 rw-p 00000000 00:00 0 
7f7400021000-7f7404000000 ---p 00000000 00:00 0 
7f7404000000-7f7404021000 rw-p 00000000 00:00 0 
7f7404021000-7f7408000000 ---p 00000000 00:00 0 
7f7408000000-7f7408021000 rw-p 00000000 00:00 0 
7f7408021000-7f740c000000 ---p 00000000 00:00 0 
7f740c000000-7f740c021000 rw-p 00000000 00:00 0 
7f740c021000-7f7410000000 ---p 00000000 00:00 0 
7f7410000000-7f741151d000 rw-p 00000000 00:00 0 
7f741151d000-7f7414000000 ---p 00000000 00:00 0 
7f7414000000-7f7414021000 rw-p 00000000 00:00 0 
7f7414021000-7f7418000000 ---p 00000000 00:00 0 
7f7418000000-7f7418021000 rw-p 00000000 00:00 0 
7f7418021000-7f741c000000 ---p 00000000 00:00 0 
7f741c000000-7f741c021000 rw-p 00000000 00:00 0 
7f741c021000-7f7420000000 ---p 00000000 00:00 0 
7f7420000000-7f7420067000 rw-p 00000000 00:00 0 
7f7420067000-7f7424000000 ---p 00000000 00:00 0 
7f7425958000-7f742595a000 rw-p 00000000 00:00 0 
7f742595a000-7f742596d000 r--s 00344000 08:09 665636                     /home/eplat/android-studio/jre/jre/lib/resources.jar
7f742596d000-7f7425aad000 rw-p 00000000 00:00 0 
7f7425aad000-7f7425b6d000 ---p 00000000 00:00 0 
7f7425b6d000-7f7425d6d000 rw-p 00000000 00:00 0 
7f7425d6d000-7f7425f6d000 rw-p 00000000 00:00 0 
7f7425f6d000-7f742616d000 rw-p 00000000 00:00 0 
7f742616d000-7f742636d000 rw-p 00000000 00:00 0 
7f742636d000-7f742636e000 r--s 00001000 08:09 224214                     /home/eplat/.gradle/caches/jars-2/sfqei68bumu9jlxv45fr4cwp05lkqj0/annotations-25.3.2.jar
7f742636e000-7f7426376000 r--s 000a8000 08:09 224213                     /home/eplat/.gradle/caches/jars-2/lp0h431tl0554nh1vx6zomcvteflkp/lombok-ast-0.2.3.jar
7f7426376000-7f742638a000 r--s 000b4000 08:09 224212                     /home/eplat/.gradle/caches/jars-2/hgvw6szzawm3evod5l2d6iutfug31w0/uast-162.2228.14.jar
7f742638a000-7f742638c000 r--s 0000d000 08:09 224211                     /home/eplat/.gradle/caches/jars-2/7pwz1bowgakb1eux9ezb56jlturgsyi/commons-codec-1.4.jar
7f742638c000-7f742638e000 r--s 0000d000 08:09 224210                     /home/eplat/.gradle/caches/jars-2/9dj1m0eyooi5qt13735vz8fpkl3cnfy/commons-logging-1.1.1.jar
7f742638e000-7f7426393000 r--s 00028000 08:09 224209                     /home/eplat/.gradle/caches/jars-2/62lv0fe9b3xbqe57f6ljy5upwi7mf6k/httpcore-4.1.jar
7f7426393000-7f7426397000 r--s 0002f000 08:09 224208                     /home/eplat/.gradle/caches/jars-2/gsg5n52frsvw6sx0swqqe2hwijwdcf0/jimfs-1.1.jar
7f7426397000-7f7426398000 r--s 00004000 08:09 224207                     /home/eplat/.gradle/caches/jars-2/lxs252id0979odjrerlctkb26c2vj95/annotations-12.0.jar
7f7426398000-7f7426399000 r--s 00004000 08:09 224206                     /home/eplat/.gradle/caches/jars-2/9kn99dr0rulyl67sct1ephwcop56l61/asm-analysis-5.0.4.jar
7f7426399000-7f742639d000 r--s 00040000 08:09 224205                     /home/eplat/.gradle/caches/jars-2/5yd4q9okhk52w7jvtpit267x9cycjdn/lint-api-25.3.2.jar
7f742639d000-7f742639e000 r--s 0000a000 08:09 224204                     /home/eplat/.gradle/caches/jars-2/nwyg9io65lv6jvmwit2wq82xnnxd7ia/kxml2-2.3.0.jar
7f742639e000-7f74263a0000 r--s 00005000 08:09 224203                     /home/eplat/.gradle/caches/jars-2/i6hc1uuj8e9ck59slmzdyz78ydn8sr6/httpmime-4.1.jar
7f74263a0000-7f74263a8000 r--s 0004e000 08:09 224202                     /home/eplat/.gradle/caches/jars-2/7503wa5irssz0xxahv1xb82p2dl7rr2/httpclient-4.1.1.jar
7f74263a8000-7f74263af000 r--s 00053000 08:09 224201                     /home/eplat/.gradle/caches/jars-2/jgkfvs4eqggj7qsyw1f5d3up57hanj1/commons-compress-1.8.1.jar
7f74263af000-7f74263b4000 r--s 0002a000 08:09 224200                     /home/eplat/.gradle/caches/jars-2/je8f027qcr1z1egw08byp1ybxbp9kko/gson-2.2.4.jar
7f74263b4000-7f74263b9000 r--s 0002e000 08:09 224199                     /home/eplat/.gradle/caches/jars-2/4n1734h1pd6bcoy635yi6h93fwe9ucz/repository-25.3.2.jar
7f74263b9000-7f74263bb000 r--s 00006000 08:09 224198                     /home/eplat/.gradle/caches/jars-2/2rgkyifl5sxddymjp5ayhsk365j5keg/dvlib-25.3.2.jar
7f74263bb000-7f74263be000 r--s 00012000 08:09 224197                     /home/eplat/.gradle/caches/jars-2/k2hb11mjv3jrn5smyckw0wql8yhvtn8/layoutlib-api-25.3.2.jar
7f74263be000-7f74263c3000 r--s 00058000 08:09 224196                     /home/eplat/.gradle/caches/jars-2/st159835qgxm0l87oqrnhayxos4lc1n/asm-debug-all-5.0.1.jar
7f74263c3000-7f74263d3000 r--s 000d5000 08:09 224195                     /home/eplat/.gradle/caches/jars-2/qzf32gp9kej4w4hlbabft6tplu74cj3/proguard-base-5.3.2.jar
7f74263d3000-7f74263d6000 r--s 00033000 08:09 224194                     /home/eplat/.gradle/caches/jars-2/nz9sndmr8b4xbj4xulkaciy5kdbyfiz/juniversalchardet-1.0.3.jar
7f74263d6000-7f74263da000 r--s 0002a000 08:09 224193                     /home/eplat/.gradle/caches/jars-2/krbpn9xjn1qymukyx8cc5l799ty1v3h/commons-io-2.4.jar
7f74263da000-7f74263f1000 r--s 00154000 08:09 224192                     /home/eplat/.gradle/caches/jars-2/sfeivjswzitn6n0fnjx3ueszz8gv8o1/antlr4-4.5.3.jar
7f74263f1000-7f74263f3000 r--s 00002000 08:09 224191                     /home/eplat/.gradle/caches/jars-2/5ro61j1y65rvhr7nubzp6mi4wd8ku9f/baseLibrary-2.3.2.jar
7f74263f3000-7f742641e000 r--s 001fc000 08:09 224190                     /home/eplat/.gradle/caches/jars-2/nxjrjftly2xksl8o0wqgivu5netfu2x/guava-18.0.jar
7f742641e000-7f7426431000 r--s 00241000 08:09 224189                     /home/eplat/.gradle/caches/jars-2/9yuekvg4qerfitq3xec0iyckuw3hwaq/ecj-4.6.1.jar
7f7426431000-7f7426438000 r--s 000d9000 08:09 224188                     /home/eplat/.gradle/caches/jars-2/n1uyh4ln96msrngjecu42hn3t622176/lint-checks-25.3.2.jar
7f7426438000-7f742643a000 r--s 00006000 08:09 224187                     /home/eplat/.gradle/caches/jars-2/6phgj9ki3jl3p5epzkqoo8pr6kur40b/asm-tree-5.0.4.jar
7f742643a000-7f742646d000 r--s 00203000 08:09 224186                     /home/eplat/.gradle/caches/jars-2/hj0bfvxu9cq7hkwmecvp0kg137or3hh/bcprov-jdk15on-1.48.jar
7f742646d000-7f742647b000 r--s 00081000 08:09 224185                     /home/eplat/.gradle/caches/jars-2/4r7xli0tz94y0wfjrdyjxlxar3g1pb9/bcpkix-jdk15on-1.48.jar
7f742647b000-7f742647d000 r--s 00002000 08:09 224184                     /home/eplat/.gradle/caches/jars-2/f32bh5uivuf69ecz2j8hl96ksnqdh7v/javawriter-2.5.0.jar
7f742647d000-7f742647f000 r--s 00004000 08:09 224183                     /home/eplat/.gradle/caches/jars-2/7ph44j8ltf4jh1biidkoojbouh17css/tracker-25.3.2.jar
7f742647f000-7f7426480000 r--s 00005000 08:09 224182                     /home/eplat/.gradle/caches/jars-2/o1gtlkkzr6t4s2v0kax6zp9j6caq2u0/shared-25.3.2.jar
7f7426480000-7f742648e000 r--s 00147000 08:09 224181                     /home/eplat/.gradle/caches/jars-2/o53hkchu83xktfa5q36s00v2v42a7y/protos-25.3.2.jar
7f742648e000-7f742648f000 r--s 00001000 08:09 224180                     /home/eplat/.gradle/caches/jars-2/bqo69msswbvaagsh45hf1tq02v21sml/jill-api-0.10.0.jar
7f742648f000-7f7426491000 r--s 00003000 08:09 224179                     /home/eplat/.gradle/caches/jars-2/7pldadygbci34ql8thws797g29k1uhh/jack-api-0.13.0.jar
7f7426491000-7f7426497000 r--s 0004a000 08:09 224178                     /home/eplat/.gradle/caches/jars-2/hdqp9ynkugoxj627azw08f1nkcu898x/ddmlib-25.3.2.jar
7f7426497000-7f742649a000 r--s 00022000 08:09 224177                     /home/eplat/.gradle/caches/jars-2/89xrxcektlpn7bcp7ipsay08holifnk/manifest-merger-25.3.2.jar
7f742649a000-7f742649d000 r--s 0001c000 08:09 224176                     /home/eplat/.gradle/caches/jars-2/tr3itsd2plho5o88yb3gjrypud2u4h2/common-25.3.2.jar
7f742649d000-7f74264a6000 r--s 00089000 08:09 224175                     /home/eplat/.gradle/caches/jars-2/oxa6gsnf6zdgyk0pj409nry3545uq19/sdk-common-25.3.2.jar
7f74264a6000-7f74264b0000 r--s 00098000 08:09 224174                     /home/eplat/.gradle/caches/jars-2/icq382ympn7u9fgmdu4gnllvjn9exea/sdklib-25.3.2.jar
7f74264b0000-7f74264b1000 r--s 00002000 08:09 224173                     /home/eplat/.gradle/caches/jars-2/liykey57f2h1pt8dmvk7r6wqrsywj5t/builder-test-api-2.3.2.jar
7f74264b1000-7f74264b4000 r--s 00006000 08:09 224172                     /home/eplat/.gradle/caches/jars-2/j73s6h38rbpo66lhtrpyav6nz8gvkz/builder-model-2.3.2.jar
7f74264b4000-7f74264c3000 r--s 00130000 08:09 224171                     /home/eplat/.gradle/caches/jars-2/cr6zkqpx14lor9zdtmo49qpc7y8r8p4/protobuf-java-3.0.0.jar
7f74264c3000-7f74264c5000 r--s 0000f000 08:09 224170                     /home/eplat/.gradle/caches/jars-2/rvfyugrlu5tbpz51p98og0qsxamjq4k/jopt-simple-4.9.jar
7f74264c5000-7f74264c9000 r--s 0001f000 08:09 224169                     /home/eplat/.gradle/caches/jars-2/nq3fzqkrrm37ob61z4iu5qdbh368uat/org.jacoco.report-0.7.5.201505241946.jar
7f74264c9000-7f74264cd000 r--s 0001d000 08:09 224168                     /home/eplat/.gradle/caches/jars-2/3kxkmcckmk40ron92zhbm0qjo9l4bkl/org.jacoco.core-0.7.5.201505241946.jar
7f74264cd000-7f74264cf000 r--s 00002000 08:09 224167                     /home/eplat/.gradle/caches/jars-2/m4m0pzb4gmaeh0in5g2xc4bxeuwt828/proguard-gradle-5.3.2.jar
7f74264cf000-7f74264d1000 r--s 00009000 08:09 224166                     /home/eplat/.gradle/caches/jars-2/ajvcvdu66lc9e3tvvipxtuq48i9bbkc/asm-commons-5.0.4.jar
7f74264d1000-7f74264d3000 r--s 0000c000 08:09 224165                     /home/eplat/.gradle/caches/jars-2/1laz1ygmxoc408r7nwqs1q8uk8r236d/asm-5.0.4.jar
7f74264d3000-7f74264d8000 r--s 0002c000 08:09 224164                     /home/eplat/.gradle/caches/jars-2/8turwhns6pk45x6h64byi8086xre0gy/compilerCommon-2.3.2.jar
7f74264d8000-7f74264d9000 r--s 00002000 08:09 224163                     /home/eplat/.gradle/caches/jars-2/memt199vk4nal65fuxag9w4gnmeyalh/gradle-api-2.3.2.jar
7f74264d9000-7f74264da000 r--s 00000000 08:09 224162                     /home/eplat/.gradle/caches/jars-2/tlyajppf8woug00g686fx5mchf8iv3o/transform-api-2.0.0-deprecated-use-gradle-api.jar
7f74264da000-7f74264f9000 r--s 001ca000 08:09 224159                     /home/eplat/.gradle/caches/jars-2/psoqzdhi7smfthkerjcdtayt1ovoie7/gradle-core-2.3.2.jar
7f74264f9000-7f74266f9000 rw-p 00000000 00:00 0 
7f74266f9000-7f74266fc000 ---p 00000000 00:00 0 
7f74266fc000-7f74269fa000 rw-p 00000000 00:00 0 
7f74269fa000-7f7426bfa000 rw-p 00000000 00:00 0 
7f7426bfa000-7f7426dfa000 rw-p 00000000 00:00 0 
7f7426dfa000-7f7426ffa000 rw-p 00000000 00:00 0 
7f7426ffa000-7f74271fa000 rw-p 00000000 00:00 0 
7f74271fa000-7f74273fa000 rw-p 00000000 00:00 0 
7f74273fa000-7f74275fa000 rw-p 00000000 00:00 0 
7f74275fa000-7f74275fd000 ---p 00000000 00:00 0 
7f74275fd000-7f74276fb000 rw-p 00000000 00:00 0 
7f74276fb000-7f74276fe000 ---p 00000000 00:00 0 
7f74276fe000-7f74277fc000 rw-p 00000000 00:00 0 
7f74277fc000-7f74277ff000 ---p 00000000 00:00 0 
7f74277ff000-7f74278fd000 rw-p 00000000 00:00 0 
7f74278fd000-7f7427900000 ---p 00000000 00:00 0 
7f7427900000-7f74279fe000 rw-p 00000000 00:00 0 
7f74279fe000-7f7427a01000 ---p 00000000 00:00 0 
7f7427a01000-7f7427cff000 rw-p 00000000 00:00 0 
7f7427cff000-7f7427d02000 ---p 00000000 00:00 0 
7f7427d02000-7f7428000000 rw-p 00000000 00:00 0 
7f7428000000-7f7428021000 rw-p 00000000 00:00 0 
7f7428021000-7f742c000000 ---p 00000000 00:00 0 
7f742c000000-7f742c021000 rw-p 00000000 00:00 0 
7f742c021000-7f7430000000 ---p 00000000 00:00 0 
7f7430000000-7f7431bcf000 rw-p 00000000 00:00 0 
7f7431bcf000-7f7434000000 ---p 00000000 00:00 0 
7f7434000000-7f7434a8d000 rw-p 00000000 00:00 0 
7f7434a8d000-7f7438000000 ---p 00000000 00:00 0 
7f7438000000-7f7438021000 rw-p 00000000 00:00 0 
7f7438021000-7f743c000000 ---p 00000000 00:00 0 
7f743c000000-7f743e141000 rw-p 00000000 00:00 0 
7f743e141000-7f7440000000 ---p 00000000 00:00 0 
7f7440000000-7f7440021000 rw-p 00000000 00:00 0 
7f7440021000-7f7444000000 ---p 00000000 00:00 0 
7f7444000000-7f7444021000 rw-p 00000000 00:00 0 
7f7444021000-7f7448000000 ---p 00000000 00:00 0 
7f7448000000-7f7448021000 rw-p 00000000 00:00 0 
7f7448021000-7f744c000000 ---p 00000000 00:00 0 
7f744c000000-7f744c02d000 rw-p 00000000 00:00 0 
7f744c02d000-7f7450000000 ---p 00000000 00:00 0 
7f7450000000-7f7450005000 r--s 0005e000 08:09 224161                     /home/eplat/.gradle/caches/jars-2/3codmksrb2ftf6vgz8jfz786b2p3e61/lint-25.3.2.jar
7f7450005000-7f745001b000 r--s 00163000 08:09 224160                     /home/eplat/.gradle/caches/jars-2/tmjxqp4m0j3g12q1pvd41pt4dzyersp/builder-2.3.2.jar
7f745001b000-7f745001d000 r--s 0000d000 08:09 224158                     /home/eplat/.gradle/caches/jars-2/gpu29uvfhkngb3cj4xqtwx5tpqakqq4/gradle-2.3.2.jar
7f745001d000-7f7450020000 ---p 00000000 00:00 0 
7f7450020000-7f7450056000 rw-p 00000000 00:00 0 
7f7450056000-7f7450057000 r--p 00000000 00:00 0 
7f7450057000-7f74500d0000 r--s 010ed000 08:09 665578                     /home/eplat/android-studio/jre/lib/tools.jar
7f74500d0000-7f74500d3000 ---p 00000000 00:00 0 
7f74500d3000-7f74501d1000 rw-p 00000000 00:00 0 
7f74501d1000-7f74501d8000 r--s 00000000 08:07 17458                      /usr/lib/x86_64-linux-gnu/gconv/gconv-modules.cache
7f74501d8000-7f74501db000 ---p 00000000 00:00 0 
7f74501db000-7f74502d9000 rw-p 00000000 00:00 0 
7f74502d9000-7f74502e2000 r-xp 00000000 08:09 665714                     /home/eplat/android-studio/jre/jre/lib/amd64/libmanagement.so
7f74502e2000-7f74504e1000 ---p 00009000 08:09 665714                     /home/eplat/android-studio/jre/jre/lib/amd64/libmanagement.so
7f74504e1000-7f74504e2000 r--p 00008000 08:09 665714                     /home/eplat/android-studio/jre/jre/lib/amd64/libmanagement.so
7f74504e2000-7f74504e3000 rw-p 00009000 08:09 665714                     /home/eplat/android-studio/jre/jre/lib/amd64/libmanagement.so
7f74504e3000-7f74504e8000 r--s 00098000 08:09 665688                     /home/eplat/android-studio/jre/jre/lib/jsse.jar
7f74504e8000-7f74504ea000 r--s 00007000 08:09 131746                     /home/eplat/.gradle/wrapper/dists/gradle-3.3-all/55gk2rcmfc6p2dg9u9ohc3hw9/gradle-3.3/lib/plugins/gradle-tooling-api-builders-3.3.jar
7f74504ea000-7f74504ed000 r--s 00009000 08:09 131739                     /home/eplat/.gradle/wrapper/dists/gradle-3.3-all/55gk2rcmfc6p2dg9u9ohc3hw9/gradle-3.3/lib/plugins/gradle-testing-native-3.3.jar
7f74504ed000-7f74504f3000 r--s 00033000 08:09 131853                     /home/eplat/.gradle/wrapper/dists/gradle-3.3-all/55gk2rcmfc6p2dg9u9ohc3hw9/gradle-3.3/lib/plugins/snakeyaml-1.6.jar
7f74504f3000-7f74504f5000 r--s 00006000 08:09 131829                     /home/eplat/.gradle/wrapper/dists/gradle-3.3-all/55gk2rcmfc6p2dg9u9ohc3hw9/gradle-3.3/lib/plugins/jcommander-1.12.jar
7f74504f5000-7f74504fa000 r--s 00040000 08:09 131827                     /home/eplat/.gradle/wrapper/dists/gradle-3.3-all/55gk2rcmfc6p2dg9u9ohc3hw9/gradle-3.3/lib/plugins/bsh-2.0b4.jar
7f74504fa000-7f74504fc000 r--s 00009000 08:09 132248                     /home/eplat/.gradle/wrapper/dists/gradle-3.3-all/55gk2rcmfc6p2dg9u9ohc3hw9/gradle-3.3/lib/plugins/hamcrest-core-1.3.jar
7f74504fc000-7f7450505000 r--s 00089000 08:09 131771                     /home/eplat/.gradle/wrapper/dists/gradle-3.3-all/55gk2rcmfc6p2dg9u9ohc3hw9/gradle-3.3/lib/plugins/testng-6.3.1.jar
7f7450505000-7f745050d000 r--s 00045000 08:09 131770                     /home/eplat/.gradle/wrapper/dists/gradle-3.3-all/55gk2rcmfc6p2dg9u9ohc3hw9/gradle-3.3/lib/plugins/junit-4.12.jar
7f745050d000-7f7450513000 r--s 0002e000 08:09 131740                     /home/eplat/.gradle/wrapper/dists/gradle-3.3-all/55gk2rcmfc6p2dg9u9ohc3hw9/gradle-3.3/lib/plugins/gradle-testing-jvm-3.3.jar
7f7450513000-7f7450517000 r--s 00016000 08:09 131738                     /home/eplat/.gradle/wrapper/dists/gradle-3.3-all/55gk2rcmfc6p2dg9u9ohc3hw9/gradle-3.3/lib/plugins/gradle-testing-base-3.3.jar
7f7450517000-7f745051e000 r--s 00038000 08:09 131765                     /home/eplat/.gradle/wrapper/dists/gradle-3.3-all/55gk2rcmfc6p2dg9u9ohc3hw9/gradle-3.3/lib/plugins/bcpg-jdk15on-1.51.jar
7f745051e000-7f7450520000 r--s 0000c000 08:09 131717                     /home/eplat/.gradle/wrapper/dists/gradle-3.3-all/55gk2rcmfc6p2dg9u9ohc3hw9/gradle-3.3/lib/plugins/gradle-signing-3.3.jar
7f7450520000-7f7450522000 r--s 00007000 08:09 131716                     /home/eplat/.gradle/wrapper/dists/gradle-3.3-all/55gk2rcmfc6p2dg9u9ohc3hw9/gradle-3.3/lib/plugins/gradle-scala-3.3.jar
7f7450522000-7f7450523000 r--s 00004000 08:09 131744                     /home/eplat/.gradle/wrapper/dists/gradle-3.3-all/55gk2rcmfc6p2dg9u9ohc3hw9/gradle-3.3/lib/plugins/gradle-resources-sftp-3.3.jar
7f7450523000-7f7450533000 r--s 00088000 08:09 131781                     /home/eplat/.gradle/wrapper/dists/gradle-3.3-all/55gk2rcmfc6p2dg9u9ohc3hw9/gradle-3.3/lib/plugins/joda-time-2.8.2.jar
7f7450533000-7f7450544000 r--s 0010d000 08:09 131780                     /home/eplat/.gradle/wrapper/dists/gradle-3.3-all/55gk2rcmfc6p2dg9u9ohc3hw9/gradle-3.3/lib/plugins/jackson-databind-2.6.6.jar
7f7450544000-7f7450547000 r--s 00009000 08:09 131779                     /home/eplat/.gradle/wrapper/dists/gradle-3.3-all/55gk2rcmfc6p2dg9u9ohc3hw9/gradle-3.3/lib/plugins/jackson-annotations-2.6.6.jar
7f7450547000-7f745054b000 r--s 0003c000 08:09 131778                     /home/eplat/.gradle/wrapper/dists/gradle-3.3-all/55gk2rcmfc6p2dg9u9ohc3hw9/gradle-3.3/lib/plugins/jackson-core-2.6.6.jar
7f745054b000-7f7450559000 r--s 00087000 08:09 131777                     /home/eplat/.gradle/wrapper/dists/gradle-3.3-all/55gk2rcmfc6p2dg9u9ohc3hw9/gradle-3.3/lib/plugins/aws-java-sdk-core-1.11.6.jar
7f7450559000-7f7450560000 r--s 00057000 08:09 131776                     /home/eplat/.gradle/wrapper/dists/gradle-3.3-all/55gk2rcmfc6p2dg9u9ohc3hw9/gradle-3.3/lib/plugins/aws-java-sdk-kms-1.11.6.jar
7f7450560000-7f745056d000 r--s 0008e000 08:09 131775                     /home/eplat/.gradle/wrapper/dists/gradle-3.3-all/55gk2rcmfc6p2dg9u9ohc3hw9/gradle-3.3/lib/plugins/aws-java-sdk-s3-1.11.6.jar
7f745056d000-7f745056f000 r--s 00004000 08:09 131745                     /home/eplat/.gradle/wrapper/dists/gradle-3.3-all/55gk2rcmfc6p2dg9u9ohc3hw9/gradle-3.3/lib/plugins/gradle-resources-s3-3.3.jar
7f745056f000-7f7450571000 r--s 00005000 08:09 131769                     /home/eplat/.gradle/wrapper/dists/gradle-3.3-all/55gk2rcmfc6p2dg9u9ohc3hw9/gradle-3.3/lib/plugins/jatl-0.2.2.jar
7f7450571000-7f7450573000 r--s 0000f000 08:09 131722                     /home/eplat/.gradle/wrapper/dists/gradle-3.3-all/55gk2rcmfc6p2dg9u9ohc3hw9/gradle-3.3/lib/plugins/gradle-reporting-3.3.jar
7f7450573000-7f7450575000 r--s 00002000 08:09 131723                     /home/eplat/.gradle/wrapper/dists/gradle-3.3-all/55gk2rcmfc6p2dg9u9ohc3hw9/gradle-3.3/lib/plugins/gradle-publish-3.3.jar
7f7450575000-7f7450577000 r--s 00009000 08:09 131752                     /home/eplat/.gradle/wrapper/dists/gradle-3.3-all/55gk2rcmfc6p2dg9u9ohc3hw9/gradle-3.3/lib/plugins/commons-cli-1.2.jar
7f7450577000-7f745057d000 r--s 00031000 08:09 131708                     /home/eplat/.gradle/wrapper/dists/gradle-3.3-all/55gk2rcmfc6p2dg9u9ohc3hw9/gradle-3.3/lib/plugins/gradle-plugins-3.3.jar
7f745057d000-7f745057f000 r--s 00009000 08:09 131741                     /home/eplat/.gradle/wrapper/dists/gradle-3.3-all/55gk2rcmfc6p2dg9u9ohc3hw9/gradle-3.3/lib/plugins/gradle-plugin-development-3.3.jar
7f745057f000-7f7450585000 r--s 0002b000 08:09 131734                     /home/eplat/.gradle/wrapper/dists/gradle-3.3-all/55gk2rcmfc6p2dg9u9ohc3hw9/gradle-3.3/lib/plugins/gradle-platform-play-3.3.jar
7f7450585000-7f7450593000 r--s 00055000 08:09 131733                     /home/eplat/.gradle/wrapper/dists/gradle-3.3-all/55gk2rcmfc6p2dg9u9ohc3hw9/gradle-3.3/lib/plugins/gradle-platform-native-3.3.jar
7f7450593000-7f7450598000 r--s 0001f000 08:09 131728                     /home/eplat/.gradle/wrapper/dists/gradle-3.3-all/55gk2rcmfc6p2dg9u9ohc3hw9/gradle-3.3/lib/plugins/gradle-platform-jvm-3.3.jar
7f7450598000-7f74505a0000 r--s 00027000 08:09 131727                     /home/eplat/.gradle/wrapper/dists/gradle-3.3-all/55gk2rcmfc6p2dg9u9ohc3hw9/gradle-3.3/lib/plugins/gradle-platform-base-3.3.jar
7f74505a0000-7f74505c8000 r--s 0021c000 08:09 131760                     /home/eplat/.gradle/wrapper/dists/gradle-3.3-all/55gk2rcmfc6p2dg9u9ohc3hw9/gradle-3.3/lib/plugins/biz.aQute.bndlib-3.2.0.jar
7f74505c8000-7f74505ca000 r--s 00003000 08:09 131712                     /home/eplat/.gradle/wrapper/dists/gradle-3.3-all/55gk2rcmfc6p2dg9u9ohc3hw9/gradle-3.3/lib/plugins/gradle-osgi-3.3.jar
7f74505ca000-7f74505cd000 r--s 0000c000 08:09 131763                     /home/eplat/.gradle/wrapper/dists/gradle-3.3-all/55gk2rcmfc6p2dg9u9ohc3hw9/gradle-3.3/lib/plugins/pmaven-groovy-0.8-20100325.jar
7f74505cd000-7f74505ce000 r--s 00004000 08:09 131762                     /home/eplat/.gradle/wrapper/dists/gradle-3.3-all/55gk2rcmfc6p2dg9u9ohc3hw9/gradle-3.3/lib/plugins/pmaven-common-0.8-20100325.jar
7f74505ce000-7f74505d4000 r--s 00023000 08:09 131713                     /home/eplat/.gradle/wrapper/dists/gradle-3.3-all/55gk2rcmfc6p2dg9u9ohc3hw9/gradle-3.3/lib/plugins/gradle-maven-3.3.jar
7f74505d4000-7f74505d7000 r--s 0000b000 08:09 131732                     /home/eplat/.gradle/wrapper/dists/gradle-3.3-all/55gk2rcmfc6p2dg9u9ohc3hw9/gradle-3.3/lib/plugins/gradle-language-scala-3.3.jar
7f74505d7000-7f74505dd000 r--s 0001a000 08:09 131736                     /home/eplat/.gradle/wrapper/dists/gradle-3.3-all/55gk2rcmfc6p2dg9u9ohc3hw9/gradle-3.3/lib/plugins/gradle-language-native-3.3.jar
7f74505dd000-7f74505e0000 r--s 00005000 08:09 131729                     /home/eplat/.gradle/wrapper/dists/gradle-3.3-all/55gk2rcmfc6p2dg9u9ohc3hw9/gradle-3.3/lib/plugins/gradle-language-jvm-3.3.jar
7f74505e0000-7f74505e6000 r--s 00027000 08:09 131730                     /home/eplat/.gradle/wrapper/dists/gradle-3.3-all/55gk2rcmfc6p2dg9u9ohc3hw9/gradle-3.3/lib/plugins/gradle-language-java-3.3.jar
7f74505e6000-7f74505e8000 r--s 0000a000 08:09 131731                     /home/eplat/.gradle/wrapper/dists/gradle-3.3-all/55gk2rcmfc6p2dg9u9ohc3hw9/gradle-3.3/lib/plugins/gradle-language-groovy-3.3.jar
7f74505e8000-7f74505eb000 r--s 0001e000 08:09 131787                     /home/eplat/.gradle/wrapper/dists/gradle-3.3-all/55gk2rcmfc6p2dg9u9ohc3hw9/gradle-3.3/lib/plugins/jsp-api-2.1-6.1.14.jar
7f74505eb000-7f745060e000 r--s 00344000 08:09 131786                     /home/eplat/.gradle/wrapper/dists/gradle-3.3-all/55gk2rcmfc6p2dg9u9ohc3hw9/gradle-3.3/lib/plugins/core-3.1.1.jar
7f745060e000-7f745060f000 r--s 00006000 08:09 131785                     /home/eplat/.gradle/wrapper/dists/gradle-3.3-all/55gk2rcmfc6p2dg9u9ohc3hw9/gradle-3.3/lib/plugins/jetty-naming-6.1.26.jar
7f745060f000-7f7450610000 r--s 00002000 08:09 131759                     /home/eplat/.gradle/wrapper/dists/gradle-3.3-all/55gk2rcmfc6p2dg9u9ohc3hw9/gradle-3.3/lib/plugins/geronimo-annotation_1.0_spec-1.0.jar
7f7450610000-7f7450612000 r--s 00002000 08:09 131758                     /home/eplat/.gradle/wrapper/dists/gradle-3.3-all/55gk2rcmfc6p2dg9u9ohc3hw9/gradle-3.3/lib/plugins/jetty-annotations-6.1.26.jar
7f7450612000-7f7450623000 r--s 000ea000 08:09 131757                     /home/eplat/.gradle/wrapper/dists/gradle-3.3-all/55gk2rcmfc6p2dg9u9ohc3hw9/gradle-3.3/lib/plugins/jsp-2.1-6.1.14.jar
7f7450623000-7f7450625000 r--s 0000d000 08:09 131756                     /home/eplat/.gradle/wrapper/dists/gradle-3.3-all/55gk2rcmfc6p2dg9u9ohc3hw9/gradle-3.3/lib/plugins/jetty-plus-6.1.26.jar
7f7450625000-7f7450627000 r--s 0001f000 08:09 131755                     /home/eplat/.gradle/wrapper/dists/gradle-3.3-all/55gk2rcmfc6p2dg9u9ohc3hw9/gradle-3.3/lib/plugins/servlet-api-2.5-20081211.jar
7f7450627000-7f745062b000 r--s 00028000 08:09 131754                     /home/eplat/.gradle/wrapper/dists/gradle-3.3-all/55gk2rcmfc6p2dg9u9ohc3hw9/gradle-3.3/lib/plugins/jetty-util-6.1.26.jar
7f745062b000-7f7450632000 r--s 0007d000 08:09 131753                     /home/eplat/.gradle/wrapper/dists/gradle-3.3-all/55gk2rcmfc6p2dg9u9ohc3hw9/gradle-3.3/lib/plugins/jetty-6.1.26.jar
7f7450632000-7f7450634000 r--s 0000a000 08:09 131710                     /home/eplat/.gradle/wrapper/dists/gradle-3.3-all/55gk2rcmfc6p2dg9u9ohc3hw9/gradle-3.3/lib/plugins/gradle-jetty-3.3.jar
7f7450634000-7f745063b000 r--s 00035000 08:09 131768                     /home/eplat/.gradle/wrapper/dists/gradle-3.3-all/55gk2rcmfc6p2dg9u9ohc3hw9/gradle-3.3/lib/plugins/simple-4.1.21.jar
7f745063b000-7f7450647000 r--s 00100000 08:09 131766                     /home/eplat/.gradle/wrapper/dists/gradle-3.3-all/55gk2rcmfc6p2dg9u9ohc3hw9/gradle-3.3/lib/plugins/rhino-1.7R3.jar
7f7450647000-7f745064b000 r--s 00012000 08:09 131719                     /home/eplat/.gradle/wrapper/dists/gradle-3.3-all/55gk2rcmfc6p2dg9u9ohc3hw9/gradle-3.3/lib/plugins/gradle-javascript-3.3.jar
7f745064b000-7f745064d000 r--s 0000d000 08:09 131725                     /home/eplat/.gradle/wrapper/dists/gradle-3.3-all/55gk2rcmfc6p2dg9u9ohc3hw9/gradle-3.3/lib/plugins/gradle-jacoco-3.3.jar
7f745064d000-7f7450650000 r--s 0000e000 08:09 131724                     /home/eplat/.gradle/wrapper/dists/gradle-3.3-all/55gk2rcmfc6p2dg9u9ohc3hw9/gradle-3.3/lib/plugins/gradle-ivy-3.3.jar
7f7450650000-7f7450651000 r--s 00002000 08:09 131735                     /home/eplat/.gradle/wrapper/dists/gradle-3.3-all/55gk2rcmfc6p2dg9u9ohc3hw9/gradle-3.3/lib/plugins/gradle-ide-play-3.3.jar
7f7450651000-7f7450654000 r--s 00013000 08:09 131737                     /home/eplat/.gradle/wrapper/dists/gradle-3.3-all/55gk2rcmfc6p2dg9u9ohc3hw9/gradle-3.3/lib/plugins/gradle-ide-native-3.3.jar
7f7450654000-7f745065d000 r--s 00055000 08:09 131714                     /home/eplat/.gradle/wrapper/dists/gradle-3.3-all/55gk2rcmfc6p2dg9u9ohc3hw9/gradle-3.3/lib/plugins/gradle-ide-3.3.jar
7f745065d000-7f745065f000 r--s 00007000 08:09 131718                     /home/eplat/.gradle/wrapper/dists/gradle-3.3-all/55gk2rcmfc6p2dg9u9ohc3hw9/gradle-3.3/lib/plugins/gradle-ear-3.3.jar
7f745065f000-7f7450665000 r--s 00039000 08:09 131721                     /home/eplat/.gradle/wrapper/dists/gradle-3.3-all/55gk2rcmfc6p2dg9u9ohc3hw9/gradle-3.3/lib/plugins/gradle-diagnostics-3.3.jar
7f7450665000-7f7450666000 r--s 00009000 08:09 131747                     /home/eplat/.gradle/wrapper/dists/gradle-3.3-all/55gk2rcmfc6p2dg9u9ohc3hw9/gradle-3.3/lib/plugins/gradle-composite-builds-3.3.jar
7f7450666000-7f745066a000 r--s 00023000 08:09 131709                     /home/eplat/.gradle/wrapper/dists/gradle-3.3-all/55gk2rcmfc6p2dg9u9ohc3hw9/gradle-3.3/lib/plugins/gradle-code-quality-3.3.jar
7f745066a000-7f745066e000 r--s 00022000 08:09 131726                     /home/eplat/.gradle/wrapper/dists/gradle-3.3-all/55gk2rcmfc6p2dg9u9ohc3hw9/gradle-3.3/lib/plugins/gradle-build-init-3.3.jar
7f745066e000-7f7450674000 r--s 0008e000 08:09 131720                     /home/eplat/.gradle/wrapper/dists/gradle-3.3-all/55gk2rcmfc6p2dg9u9ohc3hw9/gradle-3.3/lib/plugins/gradle-build-comparison-3.3.jar
7f7450674000-7f7450675000 r--s 00001000 08:09 131748                     /home/eplat/.gradle/wrapper/dists/gradle-3.3-all/55gk2rcmfc6p2dg9u9ohc3hw9/gradle-3.3/lib/plugins/gradle-build-cache-http-3.3.jar
7f7450675000-7f7450677000 r--s 00008000 08:09 131711                     /home/eplat/.gradle/wrapper/dists/gradle-3.3-all/55gk2rcmfc6p2dg9u9ohc3hw9/gradle-3.3/lib/plugins/gradle-antlr-3.3.jar
7f7450677000-7f7450679000 r--s 00004000 08:09 131715                     /home/eplat/.gradle/wrapper/dists/gradle-3.3-all/55gk2rcmfc6p2dg9u9ohc3hw9/gradle-3.3/lib/plugins/gradle-announce-3.3.jar
7f7450679000-7f7450691000 r--s 00115000 08:09 131939                     /home/eplat/.gradle/wrapper/dists/gradle-3.3-all/55gk2rcmfc6p2dg9u9ohc3hw9/gradle-3.3/lib/plugins/xercesImpl-2.9.1.jar
7f7450691000-7f7450699000 r--s 00028000 08:09 132246                     /home/eplat/.gradle/wrapper/dists/gradle-3.3-all/55gk2rcmfc6p2dg9u9ohc3hw9/gradle-3.3/lib/plugins/xml-apis-1.3.04.jar
7f7450699000-7f745069f000 r--s 0005b000 08:09 131906                     /home/eplat/.gradle/wrapper/dists/gradle-3.3-all/55gk2rcmfc6p2dg9u9ohc3hw9/gradle-3.3/lib/plugins/jcifs-1.3.17.jar
7f745069f000-7f74506a5000 r--s 00033000 08:09 131764                     /home/eplat/.gradle/wrapper/dists/gradle-3.3-all/55gk2rcmfc6p2dg9u9ohc3hw9/gradle-3.3/lib/plugins/commons-codec-1.6.jar
7f74506a5000-7f74506ac000 r--s 00049000 08:09 131858                     /home/eplat/.gradle/wrapper/dists/gradle-3.3-all/55gk2rcmfc6p2dg9u9ohc3hw9/gradle-3.3/lib/plugins/httpcore-4.4.4.jar
7f74506ac000-7f74506af000 r--s 0001c000 08:09 131773                     /home/eplat/.gradle/wrapper/dists/gradle-3.3-all/55gk2rcmfc6p2dg9u9ohc3hw9/gradle-3.3/lib/plugins/nekohtml-1.9.14.jar
7f74506af000-7f74506bc000 r--s 000a4000 08:09 131772                     /home/eplat/.gradle/wrapper/dists/gradle-3.3-all/55gk2rcmfc6p2dg9u9ohc3hw9/gradle-3.3/lib/plugins/httpclient-4.4.1.jar
7f74506bc000-7f74506bf000 r--s 0000a000 08:09 131743                     /home/eplat/.gradle/wrapper/dists/gradle-3.3-all/55gk2rcmfc6p2dg9u9ohc3hw9/gradle-3.3/lib/plugins/gradle-resources-http-3.3.jar
7f74506bf000-7f74506c3000 r--s 00015000 08:09 131742                     /home/eplat/.gradle/wrapper/dists/gradle-3.3-all/55gk2rcmfc6p2dg9u9ohc3hw9/gradle-3.3/lib/plugins/gradle-plugin-use-3.3.jar
7f74506c3000-7f74506c4000 r--s 00000000 08:09 131650                     /home/eplat/.gradle/wrapper/dists/gradle-3.3-all/55gk2rcmfc6p2dg9u9ohc3hw9/gradle-3.3/lib/gradle-installation-beacon-3.3.jar
7f74506c4000-7f74506c6000 r--s 00006000 08:09 131826                     /home/eplat/.gradle/wrapper/dists/gradle-3.3-all/55gk2rcmfc6p2dg9u9ohc3hw9/gradle-3.3/lib/plugins/aether-connector-wagon-1.13.1.jar
7f74506c6000-7f74506ca000 r--s 0001c000 08:09 131825                     /home/eplat/.gradle/wrapper/dists/gradle-3.3-all/55gk2rcmfc6p2dg9u9ohc3hw9/gradle-3.3/lib/plugins/aether-util-1.13.1.jar
7f74506ca000-7f74506cb000 r--s 00003000 08:09 131824                     /home/eplat/.gradle/wrapper/dists/gradle-3.3-all/55gk2rcmfc6p2dg9u9ohc3hw9/gradle-3.3/lib/plugins/aether-spi-1.13.1.jar
7f74506cb000-7f74506ce000 r--s 0001d000 08:09 131823                     /home/eplat/.gradle/wrapper/dists/gradle-3.3-all/55gk2rcmfc6p2dg9u9ohc3hw9/gradle-3.3/lib/plugins/aether-impl-1.13.1.jar
7f74506ce000-7f74506d1000 r--s 00013000 08:09 131822                     /home/eplat/.gradle/wrapper/dists/gradle-3.3-all/55gk2rcmfc6p2dg9u9ohc3hw9/gradle-3.3/lib/plugins/aether-api-1.13.1.jar
7f74506d1000-7f74506d2000 r--s 00007000 08:09 131821                     /home/eplat/.gradle/wrapper/dists/gradle-3.3-all/55gk2rcmfc6p2dg9u9ohc3hw9/gradle-3.3/lib/plugins/wagon-http-shared4-2.4.jar
7f74506d2000-7f74506d4000 r--s 0000b000 08:09 131820                     /home/eplat/.gradle/wrapper/dists/gradle-3.3-all/55gk2rcmfc6p2dg9u9ohc3hw9/gradle-3.3/lib/plugins/wagon-provider-api-2.4.jar
7f74506d4000-7f74506d5000 r--s 00002000 08:09 131819                     /home/eplat/.gradle/wrapper/dists/gradle-3.3-all/55gk2rcmfc6p2dg9u9ohc3hw9/gradle-3.3/lib/plugins/wagon-http-2.4.jar
7f74506d5000-7f74506d6000 r--s 00002000 08:09 131818                     /home/eplat/.gradle/wrapper/dists/gradle-3.3-all/55gk2rcmfc6p2dg9u9ohc3hw9/gradle-3.3/lib/plugins/wagon-file-2.4.jar
7f74506d6000-7f74506d8000 r--s 0000c000 08:09 131817                     /home/eplat/.gradle/wrapper/dists/gradle-3.3-all/55gk2rcmfc6p2dg9u9ohc3hw9/gradle-3.3/lib/plugins/maven-aether-provider-3.0.4.jar
7f74506d8000-7f74506da000 r--s 0000b000 08:09 131816                     /home/eplat/.gradle/wrapper/dists/gradle-3.3-all/55gk2rcmfc6p2dg9u9ohc3hw9/gradle-3.3/lib/plugins/maven-plugin-api-3.0.4.jar
7f74506da000-7f74506dc000 r--s 00006000 08:09 131815                     /home/eplat/.gradle/wrapper/dists/gradle-3.3-all/55gk2rcmfc6p2dg9u9ohc3hw9/gradle-3.3/lib/plugins/maven-repository-metadata-3.0.4.jar
7f74506dc000-7f74506de000 r--s 0000b000 08:09 131814                     /home/eplat/.gradle/wrapper/dists/gradle-3.3-all/55gk2rcmfc6p2dg9u9ohc3hw9/gradle-3.3/lib/plugins/maven-artifact-3.0.4.jar
7f74506de000-7f74506e0000 r--s 00026000 08:09 131812                     /home/eplat/.gradle/wrapper/dists/gradle-3.3-all/55gk2rcmfc6p2dg9u9ohc3hw9/gradle-3.3/lib/plugins/maven-model-3.0.4.jar
7f74506e0000-7f74506e4000 r--s 00021000 08:09 131811                     /home/eplat/.gradle/wrapper/dists/gradle-3.3-all/55gk2rcmfc6p2dg9u9ohc3hw9/gradle-3.3/lib/plugins/maven-model-builder-3.0.4.jar
7f74506e4000-7f74506ea000 r--s 0003f000 08:09 131810                     /home/eplat/.gradle/wrapper/dists/gradle-3.3-all/55gk2rcmfc6p2dg9u9ohc3hw9/gradle-3.3/lib/plugins/maven-compat-3.0.4.jar
7f74506ea000-7f74506eb000 r--s 00006000 08:09 131809                     /home/eplat/.gradle/wrapper/dists/gradle-3.3-all/55gk2rcmfc6p2dg9u9ohc3hw9/gradle-3.3/lib/plugins/plexus-sec-dispatcher-1.3.jar
7f74506eb000-7f74506ed000 r--s 00002000 08:09 131808                     /home/eplat/.gradle/wrapper/dists/gradle-3.3-all/55gk2rcmfc6p2dg9u9ohc3hw9/gradle-3.3/lib/plugins/plexus-cipher-1.7.jar
7f74506ed000-7f74506ef000 r--s 0000a000 08:09 131807                     /home/eplat/.gradle/wrapper/dists/gradle-3.3-all/55gk2rcmfc6p2dg9u9ohc3hw9/gradle-3.3/lib/plugins/plexus-classworlds-2.4.jar
7f74506ef000-7f74506f6000 r--s 0002e000 08:09 131806                     /home/eplat/.gradle/wrapper/dists/gradle-3.3-all/55gk2rcmfc6p2dg9u9ohc3hw9/gradle-3.3/lib/plugins/plexus-container-default-1.5.5.jar
7f74506f6000-7f74506f8000 r--s 00000000 08:09 132247                     /home/eplat/.gradle/wrapper/dists/gradle-3.3-all/55gk2rcmfc6p2dg9u9ohc3hw9/gradle-3.3/lib/plugins/plexus-component-annotations-1.5.5.jar
7f74506f8000-7f74506fa000 r--s 0000d000 08:09 131804                     /home/eplat/.gradle/wrapper/dists/gradle-3.3-all/55gk2rcmfc6p2dg9u9ohc3hw9/gradle-3.3/lib/plugins/plexus-interpolation-1.14.jar
7f74506fa000-7f74506fe000 r--s 00033000 08:09 131803                     /home/eplat/.gradle/wrapper/dists/gradle-3.3-all/55gk2rcmfc6p2dg9u9ohc3hw9/gradle-3.3/lib/plugins/plexus-utils-2.0.6.jar
7f74506fe000-7f7450701000 r--s 00008000 08:09 131802                     /home/eplat/.gradle/wrapper/dists/gradle-3.3-all/55gk2rcmfc6p2dg9u9ohc3hw9/gradle-3.3/lib/plugins/maven-settings-builder-3.0.4.jar
7f7450701000-7f7450703000 r--s 0000a000 08:09 131800                     /home/eplat/.gradle/wrapper/dists/gradle-3.3-all/55gk2rcmfc6p2dg9u9ohc3hw9/gradle-3.3/lib/plugins/maven-settings-3.0.4.jar
7f7450703000-7f7450708000 r--s 00040000 08:09 131774                     /home/eplat/.gradle/wrapper/dists/gradle-3.3-all/55gk2rcmfc6p2dg9u9ohc3hw9/gradle-3.3/lib/plugins/jsch-0.1.53.jar
7f7450708000-7f7450748000 r--s 00277000 08:09 131784                     /home/eplat/.gradle/wrapper/dists/gradle-3.3-all/55gk2rcmfc6p2dg9u9ohc3hw9/gradle-3.3/lib/plugins/bcprov-jdk15on-1.51.jar
7f7450748000-7f745074c000 r--s 0001d000 08:09 131783                     /home/eplat/.gradle/wrapper/dists/gradle-3.3-all/55gk2rcmfc6p2dg9u9ohc3hw9/gradle-3.3/lib/plugins/xbean-reflect-3.4.jar
7f745074c000-7f7450758000 r--s 0007d000 08:09 131761                     /home/eplat/.gradle/wrapper/dists/gradle-3.3-all/55gk2rcmfc6p2dg9u9ohc3hw9/gradle-3.3/lib/plugins/maven-core-3.0.4.jar
7f7450758000-7f745075d000 r--s 00034000 08:09 131767                     /home/eplat/.gradle/wrapper/dists/gradle-3.3-all/55gk2rcmfc6p2dg9u9ohc3hw9/gradle-3.3/lib/plugins/gson-2.7.jar
7f745075d000-7f745076c000 r--s 000d9000 08:09 131782                     /home/eplat/.gradle/wrapper/dists/gradle-3.3-all/55gk2rcmfc6p2dg9u9ohc3hw9/gradle-3.3/lib/plugins/ivy-2.2.0.jar
7f745076c000-7f7450782000 r-xp 00000000 08:07 398760                     /lib/x86_64-linux-gnu/libgcc_s.so.1
7f7450782000-7f7450981000 ---p 00016000 08:07 398760                     /lib/x86_64-linux-gnu/libgcc_s.so.1
7f7450981000-7f7450982000 rw-p 00015000 08:07 398760                     /lib/x86_64-linux-gnu/libgcc_s.so.1
7f7450982000-7f7450a68000 r-xp 00000000 08:07 925796                     /usr/lib/x86_64-linux-gnu/libstdc++.so.6.0.19
7f7450a68000-7f7450c67000 ---p 000e6000 08:07 925796                     /usr/lib/x86_64-linux-gnu/libstdc++.so.6.0.19
7f7450c67000-7f7450c6f000 r--p 000e5000 08:07 925796                     /usr/lib/x86_64-linux-gnu/libstdc++.so.6.0.19
7f7450c6f000-7f7450c71000 rw-p 000ed000 08:07 925796                     /usr/lib/x86_64-linux-gnu/libstdc++.so.6.0.19
7f7450c71000-7f7450c86000 rw-p 00000000 00:00 0 
7f7450c86000-7f7450ca5000 r--s 000f6000 08:09 131750                     /home/eplat/.gradle/wrapper/dists/gradle-3.3-all/55gk2rcmfc6p2dg9u9ohc3hw9/gradle-3.3/lib/plugins/gradle-dependency-management-3.3.jar
7f7450ca5000-7f7450ca7000 r--s 00005000 08:09 131749                     /home/eplat/.gradle/wrapper/dists/gradle-3.3-all/55gk2rcmfc6p2dg9u9ohc3hw9/gradle-3.3/lib/plugins/gradle-workers-3.3.jar
7f7450ca7000-7f7450cac000 r-xp 00000000 08:09 224061                     /home/eplat/.gradle/native/23/linux-amd64/libnative-platform.so
7f7450cac000-7f7450eab000 ---p 00005000 08:09 224061                     /home/eplat/.gradle/native/23/linux-amd64/libnative-platform.so
7f7450eab000-7f7450eac000 rw-p 00004000 08:09 224061                     /home/eplat/.gradle/native/23/linux-amd64/libnative-platform.so
7f7450eac000-7f7450ebd000 r-xp 00000000 08:09 665702                     /home/eplat/android-studio/jre/jre/lib/amd64/libnio.so
7f7450ebd000-7f74510bc000 ---p 00011000 08:09 665702                     /home/eplat/android-studio/jre/jre/lib/amd64/libnio.so
7f74510bc000-7f74510bd000 r--p 00010000 08:09 665702                     /home/eplat/android-studio/jre/jre/lib/amd64/libnio.so
7f74510bd000-7f74510be000 rw-p 00011000 08:09 665702                     /home/eplat/android-studio/jre/jre/lib/amd64/libnio.so
7f74510be000-7f74510d5000 r-xp 00000000 08:09 665700                     /home/eplat/android-studio/jre/jre/lib/amd64/libnet.so
7f74510d5000-7f74512d4000 ---p 00017000 08:09 665700                     /home/eplat/android-studio/jre/jre/lib/amd64/libnet.so
7f74512d4000-7f74512d5000 r--p 00016000 08:09 665700                     /home/eplat/android-studio/jre/jre/lib/amd64/libnet.so
7f74512d5000-7f74512d6000 rw-p 00017000 08:09 665700                     /home/eplat/android-studio/jre/jre/lib/amd64/libnet.so
7f74512d6000-7f74512d7000 r--s 00006000 08:09 131649                     /home/eplat/.gradle/wrapper/dists/gradle-3.3-all/55gk2rcmfc6p2dg9u9ohc3hw9/gradle-3.3/lib/gradle-wrapper-3.3.jar
7f74512d7000-7f74512e4000 r--s 00041000 08:09 131656                     /home/eplat/.gradle/wrapper/dists/gradle-3.3-all/55gk2rcmfc6p2dg9u9ohc3hw9/gradle-3.3/lib/gradle-tooling-api-3.3.jar
7f74512e4000-7f74512e6000 r--s 00002000 08:09 131677                     /home/eplat/.gradle/wrapper/dists/gradle-3.3-all/55gk2rcmfc6p2dg9u9ohc3hw9/gradle-3.3/lib/gradle-open-api-3.3.jar
7f74512e6000-7f74512ec000 r--s 00032000 08:09 131679                     /home/eplat/.gradle/wrapper/dists/gradle-3.3-all/55gk2rcmfc6p2dg9u9ohc3hw9/gradle-3.3/lib/jaxen-1.1.jar
7f74512ec000-7f74512f1000 r--s 00048000 08:09 131678                     /home/eplat/.gradle/wrapper/dists/gradle-3.3-all/55gk2rcmfc6p2dg9u9ohc3hw9/gradle-3.3/lib/dom4j-1.6.1.jar
7f74512f1000-7f74512fc000 r--s 00059000 08:09 131655                     /home/eplat/.gradle/wrapper/dists/gradle-3.3-all/55gk2rcmfc6p2dg9u9ohc3hw9/gradle-3.3/lib/gradle-ui-3.3.jar
7f74512fc000-7f7451305000 r--s 0008c000 08:09 131647                     /home/eplat/.gradle/wrapper/dists/gradle-3.3-all/55gk2rcmfc6p2dg9u9ohc3hw9/gradle-3.3/lib/kotlin-stdlib-1.1-M02.jar
7f7451305000-7f745130b000 r--s 0002a000 08:09 131646                     /home/eplat/.gradle/wrapper/dists/gradle-3.3-all/55gk2rcmfc6p2dg9u9ohc3hw9/gradle-3.3/lib/kotlin-runtime-1.1-M02.jar
7f745130b000-7f745133f000 r--s 00256000 08:09 131645                     /home/eplat/.gradle/wrapper/dists/gradle-3.3-all/55gk2rcmfc6p2dg9u9ohc3hw9/gradle-3.3/lib/kotlin-reflect-1.1-M02.jar
7f745133f000-7f74514d5000 r--s 0157e000 08:09 131644                     /home/eplat/.gradle/wrapper/dists/gradle-3.3-all/55gk2rcmfc6p2dg9u9ohc3hw9/gradle-3.3/lib/kotlin-compiler-embeddable-1.1-M02.jar
7f74514d5000-7f74514dd000 r--s 0004e000 08:09 131643                     /home/eplat/.gradle/wrapper/dists/gradle-3.3-all/55gk2rcmfc6p2dg9u9ohc3hw9/gradle-3.3/lib/gradle-script-kotlin-0.5.1.jar
7f74514dd000-7f74514e0000 r--s 0000b000 08:09 131675                     /home/eplat/.gradle/wrapper/dists/gradle-3.3-all/55gk2rcmfc6p2dg9u9ohc3hw9/gradle-3.3/lib/gradle-resources-3.3.jar
7f74514e0000-7f74514e2000 r--s 00003000 08:09 131684                     /home/eplat/.gradle/wrapper/dists/gradle-3.3-all/55gk2rcmfc6p2dg9u9ohc3hw9/gradle-3.3/lib/jcl-over-slf4j-1.7.10.jar
7f74514e2000-7f74514e3000 r--s 00005000 08:09 131683                     /home/eplat/.gradle/wrapper/dists/gradle-3.3-all/55gk2rcmfc6p2dg9u9ohc3hw9/gradle-3.3/lib/log4j-over-slf4j-1.7.10.jar
7f74514e3000-7f74514e5000 r--s 00000000 08:09 131682                     /home/eplat/.gradle/wrapper/dists/gradle-3.3-all/55gk2rcmfc6p2dg9u9ohc3hw9/gradle-3.3/lib/jul-to-slf4j-1.7.10.jar
7f74514e5000-7f74514ea000 r--s 0001e000 08:09 131658                     /home/eplat/.gradle/wrapper/dists/gradle-3.3-all/55gk2rcmfc6p2dg9u9ohc3hw9/gradle-3.3/lib/gradle-logging-3.3.jar
7f74514ea000-7f74514ec000 r--s 00007000 08:09 131707                     /home/eplat/.gradle/wrapper/dists/gradle-3.3-all/55gk2rcmfc6p2dg9u9ohc3hw9/gradle-3.3/lib/objenesis-1.2.jar
7f74514ec000-7f74514ee000 r--s 00000000 08:09 131706                     /home/eplat/.gradle/wrapper/dists/gradle-3.3-all/55gk2rcmfc6p2dg9u9ohc3hw9/gradle-3.3/lib/minlog-1.2.jar
7f74514ee000-7f74514f0000 r--s 0000f000 08:09 131705                     /home/eplat/.gradle/wrapper/dists/gradle-3.3-all/55gk2rcmfc6p2dg9u9ohc3hw9/gradle-3.3/lib/reflectasm-1.07-shaded.jar
7f74514f0000-7f74514f4000 r--s 00026000 08:09 131686                     /home/eplat/.gradle/wrapper/dists/gradle-3.3-all/55gk2rcmfc6p2dg9u9ohc3hw9/gradle-3.3/lib/kryo-2.20.jar
7f74514f4000-7f74514fa000 r--s 00027000 08:09 131673                     /home/eplat/.gradle/wrapper/dists/gradle-3.3-all/55gk2rcmfc6p2dg9u9ohc3hw9/gradle-3.3/lib/gradle-messaging-3.3.jar
7f74514fa000-7f74514fb000 r--s 00001000 08:09 131704                     /home/eplat/.gradle/wrapper/dists/gradle-3.3-all/55gk2rcmfc6p2dg9u9ohc3hw9/gradle-3.3/lib/native-platform-linux-i386-ncurses6-0.12.jar
7f74514fb000-7f74514fc000 r--s 00001000 08:09 131703                     /home/eplat/.gradle/wrapper/dists/gradle-3.3-all/55gk2rcmfc6p2dg9u9ohc3hw9/gradle-3.3/lib/native-platform-linux-i386-ncurses5-0.12.jar
7f74514fc000-7f74514fd000 r--s 00001000 08:09 131702                     /home/eplat/.gradle/wrapper/dists/gradle-3.3-all/55gk2rcmfc6p2dg9u9ohc3hw9/gradle-3.3/lib/native-platform-linux-amd64-ncurses6-0.12.jar
7f74514fd000-7f74514fe000 r--s 00001000 08:09 131698                     /home/eplat/.gradle/wrapper/dists/gradle-3.3-all/55gk2rcmfc6p2dg9u9ohc3hw9/gradle-3.3/lib/native-platform-linux-amd64-ncurses5-0.12.jar
7f74514fe000-7f7451500000 r--s 0000b000 08:09 131695                     /home/eplat/.gradle/wrapper/dists/gradle-3.3-all/55gk2rcmfc6p2dg9u9ohc3hw9/gradle-3.3/lib/native-platform-windows-amd64-0.12.jar
7f7451500000-7f7451502000 r--s 00002000 08:09 131694                     /home/eplat/.gradle/wrapper/dists/gradle-3.3-all/55gk2rcmfc6p2dg9u9ohc3hw9/gradle-3.3/lib/native-platform-osx-i386-0.12.jar
7f7451502000-7f7451511000 r--s 0007f000 08:09 131664                     /home/eplat/.gradle/wrapper/dists/gradle-3.3-all/55gk2rcmfc6p2dg9u9ohc3hw9/gradle-3.3/lib/gradle-model-core-3.3.jar
7f7451511000-7f7451581000 r--s 00641000 08:09 131663                     /home/eplat/.gradle/wrapper/dists/gradle-3.3-all/55gk2rcmfc6p2dg9u9ohc3hw9/gradle-3.3/lib/groovy-all-2.4.7.jar
7f7451581000-7f74515a9000 r--s 001cf000 08:09 131660                     /home/eplat/.gradle/wrapper/dists/gradle-3.3-all/55gk2rcmfc6p2dg9u9ohc3hw9/gradle-3.3/lib/guava-jdk5-17.0.jar
7f74515a9000-7f74515c8000 r--s 001d1000 08:09 131667                     /home/eplat/.gradle/wrapper/dists/gradle-3.3-all/55gk2rcmfc6p2dg9u9ohc3hw9/gradle-3.3/lib/ant-1.9.6.jar
7f74515c8000-7f7451605000 r--s 001f8000 08:09 131653                     /home/eplat/.gradle/wrapper/dists/gradle-3.3-all/55gk2rcmfc6p2dg9u9ohc3hw9/gradle-3.3/lib/gradle-core-3.3.jar
7f7451605000-7f7451606000 ---p 00000000 00:00 0 
7f7451606000-7f7451706000 rw-p 00000000 00:00 0 
7f7451706000-7f7451709000 ---p 00000000 00:00 0 
7f7451709000-7f7451807000 rw-p 00000000 00:00 0 
7f7451807000-7f745180a000 ---p 00000000 00:00 0 
7f745180a000-7f7451908000 rw-p 00000000 00:00 0 
7f7451908000-7f745190b000 ---p 00000000 00:00 0 
7f745190b000-7f7451a09000 rw-p 00000000 00:00 0 
7f7451a09000-7f7451a0c000 ---p 00000000 00:00 0 
7f7451a0c000-7f7451b0a000 rw-p 00000000 00:00 0 
7f7451b0a000-7f7451b0d000 ---p 00000000 00:00 0 
7f7451b0d000-7f7451c0b000 rw-p 00000000 00:00 0 
7f7451c0b000-7f74522ee000 r--p 00000000 08:07 927522                     /usr/lib/locale/locale-archive
7f74522ee000-7f74522f1000 ---p 00000000 00:00 0 
7f74522f1000-7f74523ef000 rw-p 00000000 00:00 0 
7f74523ef000-7f74523f2000 ---p 00000000 00:00 0 
7f74523f2000-7f74524f0000 rw-p 00000000 00:00 0 
7f74524f0000-7f74524f1000 ---p 00000000 00:00 0 
7f74524f1000-7f7454000000 rw-p 00000000 00:00 0 
7f7454000000-7f7454021000 rw-p 00000000 00:00 0 
7f7454021000-7f7458000000 ---p 00000000 00:00 0 
7f7458000000-7f7458035000 rw-p 00000000 00:00 0 
7f7458035000-7f745c000000 ---p 00000000 00:00 0 
7f745c000000-7f745c021000 rw-p 00000000 00:00 0 
7f745c021000-7f7460000000 ---p 00000000 00:00 0 
7f7460000000-7f7460001000 r--s 0000b000 08:09 131696                     /home/eplat/.gradle/wrapper/dists/gradle-3.3-all/55gk2rcmfc6p2dg9u9ohc3hw9/gradle-3.3/lib/native-platform-windows-i386-0.12.jar
7f7460001000-7f7460002000 r--s 00002000 08:09 131693                     /home/eplat/.gradle/wrapper/dists/gradle-3.3-all/55gk2rcmfc6p2dg9u9ohc3hw9/gradle-3.3/lib/native-platform-osx-amd64-0.12.jar
7f7460002000-7f7460003000 r--s 00002000 08:09 131692                     /home/eplat/.gradle/wrapper/dists/gradle-3.3-all/55gk2rcmfc6p2dg9u9ohc3hw9/gradle-3.3/lib/native-platform-linux-i386-0.12.jar
7f7460003000-7f7460004000 r--s 00002000 08:09 131691                     /home/eplat/.gradle/wrapper/dists/gradle-3.3-all/55gk2rcmfc6p2dg9u9ohc3hw9/gradle-3.3/lib/native-platform-linux-amd64-0.12.jar
7f7460004000-7f7460005000 r--s 00003000 08:09 131690                     /home/eplat/.gradle/wrapper/dists/gradle-3.3-all/55gk2rcmfc6p2dg9u9ohc3hw9/gradle-3.3/lib/native-platform-freebsd-i386-libstdcpp-0.12.jar
7f7460005000-7f7460007000 r--s 00003000 08:09 131688                     /home/eplat/.gradle/wrapper/dists/gradle-3.3-all/55gk2rcmfc6p2dg9u9ohc3hw9/gradle-3.3/lib/native-platform-freebsd-amd64-libstdcpp-0.12.jar
7f7460007000-7f746000a000 r--s 00023000 08:09 131681                     /home/eplat/.gradle/wrapper/dists/gradle-3.3-all/55gk2rcmfc6p2dg9u9ohc3hw9/gradle-3.3/lib/jansi-1.14.jar
7f746000a000-7f746000e000 r--s 00011000 08:09 131680                     /home/eplat/.gradle/wrapper/dists/gradle-3.3-all/55gk2rcmfc6p2dg9u9ohc3hw9/gradle-3.3/lib/native-platform-0.12.jar
7f746000e000-7f746001b000 r--s 00083000 08:09 131668                     /home/eplat/.gradle/wrapper/dists/gradle-3.3-all/55gk2rcmfc6p2dg9u9ohc3hw9/gradle-3.3/lib/commons-collections-3.2.2.jar
7f746001b000-7f74600cc000 rw-p 00000000 00:00 0 
7f74600cc000-7f746029b000 r--s 03c1b000 08:09 665670                     /home/eplat/android-studio/jre/jre/lib/rt.jar
7f746029b000-7f746329b000 rw-p 00000000 00:00 0 
7f746329b000-7f746329c000 ---p 00000000 00:00 0 
7f746329c000-7f746339c000 rw-p 00000000 00:00 0 
7f746339c000-7f746339d000 ---p 00000000 00:00 0 
7f746339d000-7f746349d000 rw-p 00000000 00:00 0 
7f746349d000-7f746349e000 ---p 00000000 00:00 0 
7f746349e000-7f746359e000 rw-p 00000000 00:00 0 
7f746359e000-7f746359f000 ---p 00000000 00:00 0 
7f746359f000-7f74636c1000 rw-p 00000000 00:00 0 
7f74636c1000-7f746389f000 ---p 00000000 00:00 0 
7f746389f000-7f74638c1000 rw-p 00000000 00:00 0 
7f74638c1000-7f7463a9f000 ---p 00000000 00:00 0 
7f7463a9f000-7f7463af3000 rw-p 00000000 00:00 0 
7f7463af3000-7f7463b9f000 ---p 00000000 00:00 0 
7f7463b9f000-7f7463bda000 rw-p 00000000 00:00 0 
7f7463bda000-7f7463f60000 ---p 00000000 00:00 0 
7f7463f60000-7f7464dc0000 rwxp 00000000 00:00 0 
7f7464dc0000-7f7472f60000 ---p 00000000 00:00 0 
7f7472f60000-7f7472f7a000 r-xp 00000000 08:09 665697                     /home/eplat/android-studio/jre/jre/lib/amd64/libzip.so
7f7472f7a000-7f747317a000 ---p 0001a000 08:09 665697                     /home/eplat/android-studio/jre/jre/lib/amd64/libzip.so
7f747317a000-7f747317b000 r--p 0001a000 08:09 665697                     /home/eplat/android-studio/jre/jre/lib/amd64/libzip.so
7f747317b000-7f747317c000 rw-p 0001b000 08:09 665697                     /home/eplat/android-studio/jre/jre/lib/amd64/libzip.so
7f747317c000-7f7473186000 r-xp 00000000 08:07 420841                     /lib/x86_64-linux-gnu/libnss_files-2.19.so
7f7473186000-7f7473385000 ---p 0000a000 08:07 420841                     /lib/x86_64-linux-gnu/libnss_files-2.19.so
7f7473385000-7f7473386000 r--p 00009000 08:07 420841                     /lib/x86_64-linux-gnu/libnss_files-2.19.so
7f7473386000-7f7473387000 rw-p 0000a000 08:07 420841                     /lib/x86_64-linux-gnu/libnss_files-2.19.so
7f7473387000-7f7473392000 r-xp 00000000 08:07 441036                     /lib/x86_64-linux-gnu/libnss_nis-2.19.so
7f7473392000-7f7473591000 ---p 0000b000 08:07 441036                     /lib/x86_64-linux-gnu/libnss_nis-2.19.so
7f7473591000-7f7473592000 r--p 0000a000 08:07 441036                     /lib/x86_64-linux-gnu/libnss_nis-2.19.so
7f7473592000-7f7473593000 rw-p 0000b000 08:07 441036                     /lib/x86_64-linux-gnu/libnss_nis-2.19.so
7f7473593000-7f74735aa000 r-xp 00000000 08:07 420489                     /lib/x86_64-linux-gnu/libnsl-2.19.so
7f74735aa000-7f74737a9000 ---p 00017000 08:07 420489                     /lib/x86_64-linux-gnu/libnsl-2.19.so
7f74737a9000-7f74737aa000 r--p 00016000 08:07 420489                     /lib/x86_64-linux-gnu/libnsl-2.19.so
7f74737aa000-7f74737ab000 rw-p 00017000 08:07 420489                     /lib/x86_64-linux-gnu/libnsl-2.19.so
7f74737ab000-7f74737ad000 rw-p 00000000 00:00 0 
7f74737ad000-7f74737b6000 r-xp 00000000 08:07 441033                     /lib/x86_64-linux-gnu/libnss_compat-2.19.so
7f74737b6000-7f74739b5000 ---p 00009000 08:07 441033                     /lib/x86_64-linux-gnu/libnss_compat-2.19.so
7f74739b5000-7f74739b6000 r--p 00008000 08:07 441033                     /lib/x86_64-linux-gnu/libnss_compat-2.19.so
7f74739b6000-7f74739b7000 rw-p 00009000 08:07 441033                     /lib/x86_64-linux-gnu/libnss_compat-2.19.so
7f74739b7000-7f74739e4000 r-xp 00000000 08:09 665707                     /home/eplat/android-studio/jre/jre/lib/amd64/libjava.so
7f74739e4000-7f7473be3000 ---p 0002d000 08:09 665707                     /home/eplat/android-studio/jre/jre/lib/amd64/libjava.so
7f7473be3000-7f7473be4000 r--p 0002c000 08:09 665707                     /home/eplat/android-studio/jre/jre/lib/amd64/libjava.so
7f7473be4000-7f7473be6000 rw-p 0002d000 08:09 665707                     /home/eplat/android-studio/jre/jre/lib/amd64/libjava.so
7f7473be6000-7f7473bf6000 r-xp 00000000 08:09 665723                     /home/eplat/android-studio/jre/jre/lib/amd64/libverify.so
7f7473bf6000-7f7473df5000 ---p 00010000 08:09 665723                     /home/eplat/android-studio/jre/jre/lib/amd64/libverify.so
7f7473df5000-7f7473df7000 r--p 0000f000 08:09 665723                     /home/eplat/android-studio/jre/jre/lib/amd64/libverify.so
7f7473df7000-7f7473df8000 rw-p 00011000 08:09 665723                     /home/eplat/android-studio/jre/jre/lib/amd64/libverify.so
7f7473df8000-7f7473dff000 r-xp 00000000 08:07 441027                     /lib/x86_64-linux-gnu/librt-2.19.so
7f7473dff000-7f7473ffe000 ---p 00007000 08:07 441027                     /lib/x86_64-linux-gnu/librt-2.19.so
7f7473ffe000-7f7473fff000 r--p 00006000 08:07 441027                     /lib/x86_64-linux-gnu/librt-2.19.so
7f7473fff000-7f7474000000 rw-p 00007000 08:07 441027                     /lib/x86_64-linux-gnu/librt-2.19.so
7f7474000000-7f7474d83000 rw-p 00000000 00:00 0 
7f7474d83000-7f7478000000 ---p 00000000 00:00 0 
7f7478000000-7f7478001000 r--s 00004000 08:09 131689                     /home/eplat/.gradle/wrapper/dists/gradle-3.3-all/55gk2rcmfc6p2dg9u9ohc3hw9/gradle-3.3/lib/native-platform-freebsd-i386-libcpp-0.12.jar
7f7478001000-7f7478002000 r--s 00004000 08:09 131687                     /home/eplat/.gradle/wrapper/dists/gradle-3.3-all/55gk2rcmfc6p2dg9u9ohc3hw9/gradle-3.3/lib/native-platform-freebsd-amd64-libcpp-0.12.jar
7f7478002000-7f7478005000 r--s 0000a000 08:09 131657                     /home/eplat/.gradle/wrapper/dists/gradle-3.3-all/55gk2rcmfc6p2dg9u9ohc3hw9/gradle-3.3/lib/gradle-native-3.3.jar
7f7478005000-7f7478007000 r--s 00005000 08:09 131654                     /home/eplat/.gradle/wrapper/dists/gradle-3.3-all/55gk2rcmfc6p2dg9u9ohc3hw9/gradle-3.3/lib/gradle-cli-3.3.jar
7f7478007000-7f7478009000 r--s 00007000 08:09 131665                     /home/eplat/.gradle/wrapper/dists/gradle-3.3-all/55gk2rcmfc6p2dg9u9ohc3hw9/gradle-3.3/lib/gradle-model-groovy-3.3.jar
7f7478009000-7f747800b000 r--s 00006000 08:09 131672                     /home/eplat/.gradle/wrapper/dists/gradle-3.3-all/55gk2rcmfc6p2dg9u9ohc3hw9/gradle-3.3/lib/gradle-base-services-groovy-3.3.jar
7f747800b000-7f747800c000 r--s 00002000 08:09 131676                     /home/eplat/.gradle/wrapper/dists/gradle-3.3-all/55gk2rcmfc6p2dg9u9ohc3hw9/gradle-3.3/lib/gradle-docs-3.3.jar
7f747800c000-7f74780a3000 rw-p 00000000 00:00 0 
7f74780a3000-7f74781a8000 r-xp 00000000 08:07 424581                     /lib/x86_64-linux-gnu/libm-2.19.so
7f74781a8000-7f74783a7000 ---p 00105000 08:07 424581                     /lib/x86_64-linux-gnu/libm-2.19.so
7f74783a7000-7f74783a8000 r--p 00104000 08:07 424581                     /lib/x86_64-linux-gnu/libm-2.19.so
7f74783a8000-7f74783a9000 rw-p 00105000 08:07 424581                     /lib/x86_64-linux-gnu/libm-2.19.so
7f74783a9000-7f7478f9a000 r-xp 00000000 08:09 665727                     /home/eplat/android-studio/jre/jre/lib/amd64/server/libjvm.so
7f7478f9a000-7f747919a000 ---p 00bf1000 08:09 665727                     /home/eplat/android-studio/jre/jre/lib/amd64/server/libjvm.so
7f747919a000-7f7479239000 r--p 00bf1000 08:09 665727                     /home/eplat/android-studio/jre/jre/lib/amd64/server/libjvm.so
7f7479239000-7f7479262000 rw-p 00c90000 08:09 665727                     /home/eplat/android-studio/jre/jre/lib/amd64/server/libjvm.so
7f7479262000-7f74792a6000 rw-p 00000000 00:00 0 
7f74792a6000-7f74792bf000 r-xp 00000000 08:07 440351                     /lib/x86_64-linux-gnu/libpthread-2.19.so
7f74792bf000-7f74794be000 ---p 00019000 08:07 440351                     /lib/x86_64-linux-gnu/libpthread-2.19.so
7f74794be000-7f74794bf000 r--p 00018000 08:07 440351                     /lib/x86_64-linux-gnu/libpthread-2.19.so
7f74794bf000-7f74794c0000 rw-p 00019000 08:07 440351                     /lib/x86_64-linux-gnu/libpthread-2.19.so
7f74794c0000-7f74794c4000 rw-p 00000000 00:00 0 
7f74794c4000-7f74794c7000 r-xp 00000000 08:07 441026                     /lib/x86_64-linux-gnu/libdl-2.19.so
7f74794c7000-7f74796c6000 ---p 00003000 08:07 441026                     /lib/x86_64-linux-gnu/libdl-2.19.so
7f74796c6000-7f74796c7000 r--p 00002000 08:07 441026                     /lib/x86_64-linux-gnu/libdl-2.19.so
7f74796c7000-7f74796c8000 rw-p 00003000 08:07 441026                     /lib/x86_64-linux-gnu/libdl-2.19.so
7f74796c8000-7f7479886000 r-xp 00000000 08:07 424582                     /lib/x86_64-linux-gnu/libc-2.19.so
7f7479886000-7f7479a86000 ---p 001be000 08:07 424582                     /lib/x86_64-linux-gnu/libc-2.19.so
7f7479a86000-7f7479a8a000 r--p 001be000 08:07 424582                     /lib/x86_64-linux-gnu/libc-2.19.so
7f7479a8a000-7f7479a8c000 rw-p 001c2000 08:07 424582                     /lib/x86_64-linux-gnu/libc-2.19.so
7f7479a8c000-7f7479a91000 rw-p 00000000 00:00 0 
7f7479a91000-7f7479aa7000 r-xp 00000000 08:09 665587                     /home/eplat/android-studio/jre/lib/amd64/jli/libjli.so
7f7479aa7000-7f7479ca6000 ---p 00016000 08:09 665587                     /home/eplat/android-studio/jre/lib/amd64/jli/libjli.so
7f7479ca6000-7f7479ca7000 r--p 00015000 08:09 665587                     /home/eplat/android-studio/jre/lib/amd64/jli/libjli.so
7f7479ca7000-7f7479ca8000 rw-p 00016000 08:09 665587                     /home/eplat/android-studio/jre/lib/amd64/jli/libjli.so
7f7479ca8000-7f7479ccb000 r-xp 00000000 08:07 441031                     /lib/x86_64-linux-gnu/ld-2.19.so
7f7479ccb000-7f7479ccc000 r--s 00000000 08:09 131671                     /home/eplat/.gradle/wrapper/dists/gradle-3.3-all/55gk2rcmfc6p2dg9u9ohc3hw9/gradle-3.3/lib/javax.inject-1.jar
7f7479ccc000-7f7479ccd000 r--s 00000000 08:09 131670                     /home/eplat/.gradle/wrapper/dists/gradle-3.3-all/55gk2rcmfc6p2dg9u9ohc3hw9/gradle-3.3/lib/jcip-annotations-1.0.jar
7f7479ccd000-7f7479cd1000 r--s 00027000 08:09 131669                     /home/eplat/.gradle/wrapper/dists/gradle-3.3-all/55gk2rcmfc6p2dg9u9ohc3hw9/gradle-3.3/lib/commons-io-2.2.jar
7f7479cd1000-7f7479cd6000 r--s 00038000 08:09 131666                     /home/eplat/.gradle/wrapper/dists/gradle-3.3-all/55gk2rcmfc6p2dg9u9ohc3hw9/gradle-3.3/lib/asm-all-5.1.jar
7f7479cd6000-7f7479cd7000 r--s 00001000 08:09 131662                     /home/eplat/.gradle/wrapper/dists/gradle-3.3-all/55gk2rcmfc6p2dg9u9ohc3hw9/gradle-3.3/lib/gradle-process-services-3.3.jar
7f7479cd7000-7f7479cd9000 r--s 00000000 08:09 131652                     /home/eplat/.gradle/wrapper/dists/gradle-3.3-all/55gk2rcmfc6p2dg9u9ohc3hw9/gradle-3.3/lib/gradle-jvm-services-3.3.jar
7f7479cd9000-7f7479cda000 r--s 00000000 08:09 132256                     /home/eplat/.gradle/wrapper/dists/gradle-3.3-all/55gk2rcmfc6p2dg9u9ohc3hw9/gradle-3.3/lib/gradle-version-info-3.3.jar
7f7479cda000-7f7479cdf000 r--s 00041000 08:09 131661                     /home/eplat/.gradle/wrapper/dists/gradle-3.3-all/55gk2rcmfc6p2dg9u9ohc3hw9/gradle-3.3/lib/commons-lang-2.6.jar
7f7479cdf000-7f7479ce0000 r--s 00007000 08:09 131659                     /home/eplat/.gradle/wrapper/dists/gradle-3.3-all/55gk2rcmfc6p2dg9u9ohc3hw9/gradle-3.3/lib/slf4j-api-1.7.10.jar
7f7479ce0000-7f7479da2000 rw-p 00000000 00:00 0 
7f7479da2000-7f7479da5000 ---p 00000000 00:00 0 
7f7479da5000-7f7479ea7000 rw-p 00000000 00:00 0 
7f7479ea7000-7f7479ea8000 r--s 00004000 08:09 131685                     /home/eplat/.gradle/wrapper/dists/gradle-3.3-all/55gk2rcmfc6p2dg9u9ohc3hw9/gradle-3.3/lib/ant-launcher-1.9.6.jar
7f7479ea8000-7f7479eb1000 r--s 00042000 08:09 131651                     /home/eplat/.gradle/wrapper/dists/gradle-3.3-all/55gk2rcmfc6p2dg9u9ohc3hw9/gradle-3.3/lib/gradle-base-services-3.3.jar
7f7479eb1000-7f7479ebe000 r--s 0005c000 08:09 131648                     /home/eplat/.gradle/wrapper/dists/gradle-3.3-all/55gk2rcmfc6p2dg9u9ohc3hw9/gradle-3.3/lib/gradle-launcher-3.3.jar
7f7479ebe000-7f7479ec6000 rw-s 00000000 08:07 818957                     /tmp/hsperfdata_eplat/30328
7f7479ec6000-7f7479ec7000 rw-p 00000000 00:00 0 
7f7479ec7000-7f7479ec8000 r--p 00000000 00:00 0 
7f7479ec8000-7f7479eca000 rw-p 00000000 00:00 0 
7f7479eca000-7f7479ecb000 r--p 00022000 08:07 441031                     /lib/x86_64-linux-gnu/ld-2.19.so
7f7479ecb000-7f7479ecc000 rw-p 00023000 08:07 441031                     /lib/x86_64-linux-gnu/ld-2.19.so
7f7479ecc000-7f7479ecd000 rw-p 00000000 00:00 0 
7ffded095000-7ffded0b6000 rw-p 00000000 00:00 0                          [stack]
7ffded164000-7ffded166000 r--p 00000000 00:00 0                          [vvar]
7ffded166000-7ffded168000 r-xp 00000000 00:00 0                          [vdso]
ffffffffff600000-ffffffffff601000 r-xp 00000000 00:00 0                  [vsyscall]

VM Arguments:
jvm_args: -Xmx1536m -Dfile.encoding=UTF-8 -Duser.country=US -Duser.language=en -Duser.variant 
java_command: org.gradle.launcher.daemon.bootstrap.GradleDaemon 3.3
java_class_path (initial): /home/eplat/.gradle/wrapper/dists/gradle-3.3-all/55gk2rcmfc6p2dg9u9ohc3hw9/gradle-3.3/lib/gradle-launcher-3.3.jar
Launcher Type: SUN_STANDARD

Environment Variables:
PATH=/usr/local/sbin:/usr/local/bin:/usr/sbin:/usr/bin:/sbin:/bin:/usr/games:/usr/local/games
LD_LIBRARY_PATH=/home/eplat/android-studio/bin:
SHELL=/usr/bin/zsh
DISPLAY=:0

Signal Handlers:
SIGSEGV: [libjvm.so+0x9e5150], sa_mask[0]=11111111011111111101111111111110, sa_flags=SA_RESTART|SA_SIGINFO
SIGBUS: [libjvm.so+0x9e5150], sa_mask[0]=11111111011111111101111111111110, sa_flags=SA_RESTART|SA_SIGINFO
SIGFPE: [libjvm.so+0x848450], sa_mask[0]=11111111011111111101111111111110, sa_flags=SA_RESTART|SA_SIGINFO
SIGPIPE: [libjvm.so+0x848450], sa_mask[0]=11111111011111111101111111111110, sa_flags=SA_RESTART|SA_SIGINFO
SIGXFSZ: [libjvm.so+0x848450], sa_mask[0]=11111111011111111101111111111110, sa_flags=SA_RESTART|SA_SIGINFO
SIGILL: [libjvm.so+0x848450], sa_mask[0]=11111111011111111101111111111110, sa_flags=SA_RESTART|SA_SIGINFO
SIGUSR1: SIG_DFL, sa_mask[0]=00000000000000000000000000000000, sa_flags=none
SIGUSR2: [libjvm.so+0x848320], sa_mask[0]=00100000000000000000000000000000, sa_flags=SA_RESTART|SA_SIGINFO
SIGHUP: [libjvm.so+0x848510], sa_mask[0]=11111111011111111101111111111110, sa_flags=SA_RESTART|SA_SIGINFO
SIGINT: [libjvm.so+0x848510], sa_mask[0]=11111111011111111101111111111110, sa_flags=SA_RESTART|SA_SIGINFO
SIGTERM: [libjvm.so+0x848510], sa_mask[0]=11111111011111111101111111111110, sa_flags=SA_RESTART|SA_SIGINFO
SIGQUIT: [libjvm.so+0x848510], sa_mask[0]=11111111011111111101111111111110, sa_flags=SA_RESTART|SA_SIGINFO


---------------  S Y S T E M  ---------------

OS:DISTRIB_ID=Ubuntu
DISTRIB_RELEASE=14.04
DISTRIB_CODENAME=trusty
DISTRIB_DESCRIPTION="Ubuntu 14.04.5 LTS"

uname:Linux 4.4.0-92-generic #115~14.04.1-Ubuntu SMP Thu Aug 10 15:06:53 UTC 2017 x86_64
libc:glibc 2.19 NPTL 2.19 
rlimit: STACK 8192k, CORE 0k, NPROC 23233, NOFILE 4096, AS infinity
load average:2,15 1,67 1,17

/proc/meminfo:
MemTotal:        5973116 kB
MemFree:          602868 kB
MemAvailable:    2226924 kB
Buffers:          412116 kB
Cached:          1641908 kB
SwapCached:            8 kB
Active:          3805864 kB
Inactive:        1289288 kB
Active(anon):    2654272 kB
Inactive(anon):   660380 kB
Active(file):    1151592 kB
Inactive(file):   628908 kB
Unevictable:          32 kB
Mlocked:              32 kB
SwapTotal:       2216956 kB
SwapFree:        2216536 kB
Dirty:             19464 kB
Writeback:             0 kB
AnonPages:       3041448 kB
Mapped:           496568 kB
Shmem:            273308 kB
Slab:             150536 kB
SReclaimable:     109544 kB
SUnreclaim:        40992 kB
KernelStack:       25088 kB
PageTables:        43968 kB
NFS_Unstable:          0 kB
Bounce:                0 kB
WritebackTmp:          0 kB
CommitLimit:     5203512 kB
Committed_AS:    8672056 kB
VmallocTotal:   34359738367 kB
VmallocUsed:           0 kB
VmallocChunk:          0 kB
HardwareCorrupted:     0 kB
AnonHugePages:   1085440 kB
CmaTotal:              0 kB
CmaFree:               0 kB
HugePages_Total:       0
HugePages_Free:        0
HugePages_Rsvd:        0
HugePages_Surp:        0
Hugepagesize:       2048 kB
DirectMap4k:      165392 kB
DirectMap2M:     5988352 kB


CPU:total 4 (2 cores per cpu, 2 threads per core) family 6 model 58 stepping 9, cmov, cx8, fxsr, mmx, sse, sse2, sse3, ssse3, sse4.1, sse4.2, popcnt, avx, clmul, erms, ht, tsc, tscinvbit, tscinv

/proc/cpuinfo:
processor	: 0
vendor_id	: GenuineIntel
cpu family	: 6
model		: 58
model name	: Intel(R) Core(TM) i3-3220 CPU @ 3.30GHz
stepping	: 9
microcode	: 0x17
cpu MHz		: 3299.871
cache size	: 3072 KB
physical id	: 0
siblings	: 4
core id		: 0
cpu cores	: 2
apicid		: 0
initial apicid	: 0
fpu		: yes
fpu_exception	: yes
cpuid level	: 13
wp		: yes
flags		: fpu vme de pse tsc msr pae mce cx8 apic sep mtrr pge mca cmov pat pse36 clflush dts acpi mmx fxsr sse sse2 ss ht tm pbe syscall nx rdtscp lm constant_tsc arch_perfmon pebs bts rep_good nopl xtopology nonstop_tsc aperfmperf eagerfpu pni pclmulqdq dtes64 monitor ds_cpl vmx est tm2 ssse3 cx16 xtpr pdcm pcid sse4_1 sse4_2 popcnt tsc_deadline_timer xsave avx f16c lahf_lm epb tpr_shadow vnmi flexpriority ept vpid fsgsbase smep erms xsaveopt dtherm arat pln pts
bugs		:
bogomips	: 6585.00
clflush size	: 64
cache_alignment	: 64
address sizes	: 36 bits physical, 48 bits virtual
power management:

processor	: 1
vendor_id	: GenuineIntel
cpu family	: 6
model		: 58
model name	: Intel(R) Core(TM) i3-3220 CPU @ 3.30GHz
stepping	: 9
microcode	: 0x17
cpu MHz		: 3299.871
cache size	: 3072 KB
physical id	: 0
siblings	: 4
core id		: 1
cpu cores	: 2
apicid		: 2
initial apicid	: 2
fpu		: yes
fpu_exception	: yes
cpuid level	: 13
wp		: yes
flags		: fpu vme de pse tsc msr pae mce cx8 apic sep mtrr pge mca cmov pat pse36 clflush dts acpi mmx fxsr sse sse2 ss ht tm pbe syscall nx rdtscp lm constant_tsc arch_perfmon pebs bts rep_good nopl xtopology nonstop_tsc aperfmperf eagerfpu pni pclmulqdq dtes64 monitor ds_cpl vmx est tm2 ssse3 cx16 xtpr pdcm pcid sse4_1 sse4_2 popcnt tsc_deadline_timer xsave avx f16c lahf_lm epb tpr_shadow vnmi flexpriority ept vpid fsgsbase smep erms xsaveopt dtherm arat pln pts
bugs		:
bogomips	: 6585.00
clflush size	: 64
cache_alignment	: 64
address sizes	: 36 bits physical, 48 bits virtual
power management:

processor	: 2
vendor_id	: GenuineIntel
cpu family	: 6
model		: 58
model name	: Intel(R) Core(TM) i3-3220 CPU @ 3.30GHz
stepping	: 9
microcode	: 0x17
cpu MHz		: 3300.000
cache size	: 3072 KB
physical id	: 0
siblings	: 4
core id		: 0
cpu cores	: 2
apicid		: 1
initial apicid	: 1
fpu		: yes
fpu_exception	: yes
cpuid level	: 13
wp		: yes
flags		: fpu vme de pse tsc msr pae mce cx8 apic sep mtrr pge mca cmov pat pse36 clflush dts acpi mmx fxsr sse sse2 ss ht tm pbe syscall nx rdtscp lm constant_tsc arch_perfmon pebs bts rep_good nopl xtopology nonstop_tsc aperfmperf eagerfpu pni pclmulqdq dtes64 monitor ds_cpl vmx est tm2 ssse3 cx16 xtpr pdcm pcid sse4_1 sse4_2 popcnt tsc_deadline_timer xsave avx f16c lahf_lm epb tpr_shadow vnmi flexpriority ept vpid fsgsbase smep erms xsaveopt dtherm arat pln pts
bugs		:
bogomips	: 6585.00
clflush size	: 64
cache_alignment	: 64
address sizes	: 36 bits physical, 48 bits virtual
power management:

processor	: 3
vendor_id	: GenuineIntel
cpu family	: 6
model		: 58
model name	: Intel(R) Core(TM) i3-3220 CPU @ 3.30GHz
stepping	: 9
microcode	: 0x17
cpu MHz		: 3300.000
cache size	: 3072 KB
physical id	: 0
siblings	: 4
core id		: 1
cpu cores	: 2
apicid		: 3
initial apicid	: 3
fpu		: yes
fpu_exception	: yes
cpuid level	: 13
wp		: yes
flags		: fpu vme de pse tsc msr pae mce cx8 apic sep mtrr pge mca cmov pat pse36 clflush dts acpi mmx fxsr sse sse2 ss ht tm pbe syscall nx rdtscp lm constant_tsc arch_perfmon pebs bts rep_good nopl xtopology nonstop_tsc aperfmperf eagerfpu pni pclmulqdq dtes64 monitor ds_cpl vmx est tm2 ssse3 cx16 xtpr pdcm pcid sse4_1 sse4_2 popcnt tsc_deadline_timer xsave avx f16c lahf_lm epb tpr_shadow vnmi flexpriority ept vpid fsgsbase smep erms xsaveopt dtherm arat pln pts
bugs		:
bogomips	: 6585.00
clflush size	: 64
cache_alignment	: 64
address sizes	: 36 bits physical, 48 bits virtual
power management:



Memory: 4k page, physical 5973116k(602868k free), swap 2216956k(2216536k free)

vm_info: OpenJDK 64-Bit Server VM (25.112-b06) for linux-amd64 JRE (1.8.0_112-release-b06), built on Dec  6 2016 12:11:18 by "builder" with gcc 4.8.4

time: Thu Aug 31 10:46:13 2017
elapsed time: 10 seconds (0d 0h 0m 10s)

